::1 - - [18/Nov/2021:16:07:59 +0000] "GET /api/v1/users HTTP/1.1" 200 1291 "-" "PostmanRuntime/7.28.2"
::1 - - [18/Nov/2021:16:08:20 +0000] "GET /api/v1/organizations HTTP/1.1" 404 159 "-" "PostmanRuntime/7.28.2"
::1 - - [18/Nov/2021:16:08:51 +0000] "GET /api/v1/organization HTTP/1.1" 403 117 "-" "PostmanRuntime/7.28.2"
::1 - - [18/Nov/2021:16:09:10 +0000] "POST /api/v1/organization HTTP/1.1" 500 3032 "-" "PostmanRuntime/7.28.2"
::1 - - [18/Nov/2021:16:09:39 +0000] "GET /api/v1/organization/6193fec3eca57fc1bdf69068 HTTP/1.1" 500 80 "-" "PostmanRuntime/7.28.2"
::1 - - [18/Nov/2021:16:10:09 +0000] "GET /api/v1/organization HTTP/1.1" 403 117 "-" "PostmanRuntime/7.28.2"
::1 - - [18/Nov/2021:16:10:13 +0000] "GET /api/v1/organization/6193fec3eca57fc1bdf69068 HTTP/1.1" 500 80 "-" "PostmanRuntime/7.28.2"
::1 - - [18/Nov/2021:16:10:26 +0000] "PUT /api/v1/users/60e992610ad29e44e4ec5629 HTTP/1.1" 500 80 "-" "PostmanRuntime/7.28.2"
::1 - - [18/Nov/2021:16:10:48 +0000] "POST /api/v1/users/forgot-password HTTP/1.1" 500 462 "-" "PostmanRuntime/7.28.2"
::1 - - [18/Nov/2021:16:10:56 +0000] "POST /api/v1/users/reset-password HTTP/1.1" 400 96 "-" "PostmanRuntime/7.28.2"
::1 - - [18/Nov/2021:16:11:00 +0000] "GET /api/v1/organization HTTP/1.1" 403 117 "-" "PostmanRuntime/7.28.2"
::1 - - [18/Nov/2021:16:12:51 +0000] "GET /api/v1/organization/6193fec3eca57fc1bdf69068 HTTP/1.1" 500 80 "-" "PostmanRuntime/7.28.2"
::1 - - [18/Nov/2021:16:12:58 +0000] "POST /api/v1/organization/login-org HTTP/1.1" 200 616 "-" "PostmanRuntime/7.28.2"
::1 - - [18/Nov/2021:16:13:06 +0000] "GET /api/v1/organization/6193fec3eca57fc1bdf69068 HTTP/1.1" 200 360 "-" "PostmanRuntime/7.28.2"
::1 - - [18/Nov/2021:16:15:30 +0000] "POST /api/v1/users/register HTTP/1.1" 500 1803 "-" "PostmanRuntime/7.28.2"
::1 - - [18/Nov/2021:16:20:21 +0000] "POST /api/v1/organization/register HTTP/1.1" 401 211 "-" "PostmanRuntime/7.28.2"
::1 - - [18/Nov/2021:16:20:39 +0000] "POST /api/v1/organization/register-org HTTP/1.1" 500 386 "-" "PostmanRuntime/7.28.2"
::1 - - [18/Nov/2021:16:21:02 +0000] "POST /api/v1/organization/register-org HTTP/1.1" 200 624 "-" "PostmanRuntime/7.28.2"
::1 - - [18/Nov/2021:16:22:10 +0000] "POST /api/v1/organization HTTP/1.1" 200 439 "-" "PostmanRuntime/7.28.2"
::1 - - [18/Nov/2021:16:22:39 +0000] "POST /api/v1/organization/login-org HTTP/1.1" 200 616 "-" "PostmanRuntime/7.28.2"
::1 - - [18/Nov/2021:16:23:26 +0000] "PUT /api/v1/organization/60e992610ad29e44e4ec5629 HTTP/1.1" 403 117 "-" "PostmanRuntime/7.28.2"
::1 - - [23/Nov/2021:01:11:11 +0000] "POST /api/v1/organization/login-org HTTP/1.1" 200 616 "-" "PostmanRuntime/7.28.2"
::1 - - [23/Nov/2021:01:12:18 +0000] "POST /api/v1/organization/login-org HTTP/1.1" 200 616 "-" "PostmanRuntime/7.28.2"
