::1 - - [24/Nov/2021:07:43:17 +0000] "POST /api/v1/users/login HTTP/1.1" - - "-" "PostmanRuntime/7.28.2"
::1 - - [24/Nov/2021:07:47:45 +0000] "POST /api/v1/users/login HTTP/1.1" - - "-" "PostmanRuntime/7.28.2"
::1 - - [24/Nov/2021:11:47:53 +0000] "POST /api/v1/users/login HTTP/1.1" 200 591 "-" "PostmanRuntime/7.28.2"
::1 - - [24/Nov/2021:12:15:48 +0000] "GET /api/v1/categories/5e96cc1ba816c94e009a9c9e/books?select=name%20price&sort=-price&price[$gt]=20000 HTTP/1.1" 200 93 "-" "PostmanRuntime/7.28.2"
::1 - - [24/Nov/2021:12:15:57 +0000] "GET /api/v1/books HTTP/1.1" 200 93 "-" "PostmanRuntime/7.28.2"
::1 - - [24/Nov/2021:12:17:53 +0000] "GET /api/v1/tasks/5e96cc1ba816c94e009a9c9e/books?select=name%20price&sort=-price&price[$gt]=20000 HTTP/1.1" 404 182 "-" "PostmanRuntime/7.28.2"
::1 - - [24/Nov/2021:12:17:59 +0000] "GET /api/v1/tasks HTTP/1.1" 404 151 "-" "PostmanRuntime/7.28.2"
::1 - - [24/Nov/2021:12:32:41 +0000] "GET /api/v1/tasks HTTP/1.1" 500 159 "-" "PostmanRuntime/7.28.2"
::1 - - [24/Nov/2021:12:33:12 +0000] "GET /api/v1/tasks HTTP/1.1" 200 3196 "-" "PostmanRuntime/7.28.2"
::1 - - [24/Nov/2021:12:33:30 +0000] "GET /api/v1/tasks HTTP/1.1" 200 3196 "-" "PostmanRuntime/7.28.2"
::1 - - [24/Nov/2021:12:34:43 +0000] "GET /api/v1/tasks HTTP/1.1" 200 3186 "-" "PostmanRuntime/7.28.2"
::1 - - [24/Nov/2021:12:36:44 +0000] "GET /api/v1/tasks/61893dbcd4ec239eac941648 HTTP/1.1" 200 645 "-" "PostmanRuntime/7.28.2"
::1 - - [24/Nov/2021:12:42:34 +0000] "POST /api/v1/tasks/ HTTP/1.1" 500 59 "-" "PostmanRuntime/7.28.2"
::1 - - [24/Nov/2021:12:43:18 +0000] "POST /api/v1/tasks/ HTTP/1.1" 500 248 "-" "PostmanRuntime/7.28.2"
::1 - - [24/Nov/2021:12:43:42 +0000] "POST /api/v1/tasks/ HTTP/1.1" 200 441 "-" "PostmanRuntime/7.28.2"
::1 - - [24/Nov/2021:12:43:51 +0000] "GET /api/v1/tasks HTTP/1.1" 200 3199 "-" "PostmanRuntime/7.28.2"
::1 - - [24/Nov/2021:12:45:25 +0000] "GET /api/v1/tasks/61893dbcd4ec337eac941648 HTTP/1.1" 200 441 "-" "PostmanRuntime/7.28.2"
::1 - - [24/Nov/2021:12:47:35 +0000] "GET /api/v1/tasks/61893dbcd4ec337eac941648 HTTP/1.1" 200 441 "-" "PostmanRuntime/7.28.2"
::1 - - [24/Nov/2021:12:47:57 +0000] "PUT /api/v1/tasks/61893dbcd4ec337eac941648 HTTP/1.1" 500 59 "-" "PostmanRuntime/7.28.2"
::1 - - [24/Nov/2021:12:48:21 +0000] "PUT /api/v1/tasks/61893dbcd4ec337eac941648 HTTP/1.1" 200 483 "-" "PostmanRuntime/7.28.2"
::1 - - [24/Nov/2021:12:49:21 +0000] "PUT /api/v1/tasks/61893dbcd4ec337eac941648 HTTP/1.1" 200 485 "-" "PostmanRuntime/7.28.2"
::1 - - [24/Nov/2021:12:50:20 +0000] "GET /api/v1/tasks/61893dbcd4ec337eac941648 HTTP/1.1" 200 441 "-" "PostmanRuntime/7.28.2"
::1 - - [24/Nov/2021:12:50:39 +0000] "PUT /api/v1/tasks/61893dbcd4ec337eac941648 HTTP/1.1" 200 485 "-" "PostmanRuntime/7.28.2"
::1 - - [24/Nov/2021:12:53:13 +0000] "PUT /api/v1/tasks/61893dbcd4ec337eac941648 HTTP/1.1" 200 485 "-" "PostmanRuntime/7.28.2"
::1 - - [24/Nov/2021:13:15:56 +0000] "GET /api/v1/tasks HTTP/1.1" 200 3266 "-" "PostmanRuntime/7.28.2"
::1 - - [24/Nov/2021:13:16:02 +0000] "POST /api/v1/tasks/ HTTP/1.1" 500 372 "-" "PostmanRuntime/7.28.2"
::1 - - [24/Nov/2021:13:16:20 +0000] "POST /api/v1/tasks/ HTTP/1.1" 200 459 "-" "PostmanRuntime/7.28.2"
::1 - - [24/Nov/2021:13:16:54 +0000] "GET /api/v1/tasks/61893dbcd4ec337eac941648 HTTP/1.1" 200 459 "-" "PostmanRuntime/7.28.2"
::1 - - [24/Nov/2021:13:17:13 +0000] "PUT /api/v1/tasks/61893dbcd4ec337eac941648 HTTP/1.1" 200 503 "-" "PostmanRuntime/7.28.2"
::1 - - [24/Nov/2021:13:17:34 +0000] "PUT /api/v1/tasks/61893dbcd4ec337eac941648 HTTP/1.1" 200 507 "-" "PostmanRuntime/7.28.2"
::1 - - [24/Nov/2021:13:20:27 +0000] "POST /api/v1/tasks/ HTTP/1.1" 401 211 "-" "PostmanRuntime/7.28.2"
::1 - - [24/Nov/2021:13:23:52 +0000] "POST /api/v1/tasks/ HTTP/1.1" 403 117 "-" "PostmanRuntime/7.28.2"
::1 - - [24/Nov/2021:13:24:13 +0000] "POST /api/v1/users/login HTTP/1.1" 200 620 "-" "PostmanRuntime/7.28.2"
::1 - - [24/Nov/2021:13:24:22 +0000] "POST /api/v1/tasks/ HTTP/1.1" 403 117 "-" "PostmanRuntime/7.28.2"
::1 - - [24/Nov/2021:13:24:53 +0000] "POST /api/v1/tasks/ HTTP/1.1" 500 248 "-" "PostmanRuntime/7.28.2"
::1 - - [24/Nov/2021:13:25:01 +0000] "POST /api/v1/tasks/ HTTP/1.1" 200 459 "-" "PostmanRuntime/7.28.2"
::1 - - [24/Nov/2021:13:25:15 +0000] "GET /api/v1/users/60e99ab70bf9345137e0857b HTTP/1.1" 200 340 "-" "PostmanRuntime/7.28.2"
::1 - - [24/Nov/2021:13:26:38 +0000] "GET /api/v1/users/logout HTTP/1.1" 401 211 "-" "PostmanRuntime/7.28.2"
::1 - - [24/Nov/2021:13:27:32 +0000] "POST /api/v1/users/logout HTTP/1.1" 401 211 "-" "PostmanRuntime/7.28.2"
::1 - - [24/Nov/2021:13:29:19 +0000] "POST /api/v1/users/logout HTTP/1.1" 401 211 "-" "PostmanRuntime/7.28.2"
::1 - - [24/Nov/2021:13:29:26 +0000] "POST /api/v1/users/logout HTTP/1.1" 500 80 "-" "PostmanRuntime/7.28.2"
::1 - - [24/Nov/2021:13:29:33 +0000] "POST /api/v1/users/login HTTP/1.1" 200 620 "-" "PostmanRuntime/7.28.2"
::1 - - [24/Nov/2021:13:29:35 +0000] "POST /api/v1/users/logout HTTP/1.1" 404 159 "-" "PostmanRuntime/7.28.2"
::1 - - [24/Nov/2021:13:30:47 +0000] "POST /api/v1/users/logout HTTP/1.1" 404 159 "-" "PostmanRuntime/7.28.2"
::1 - - [24/Nov/2021:13:30:55 +0000] "POST /api/v1/users/logout HTTP/1.1" 404 159 "-" "PostmanRuntime/7.28.2"
::1 - - [24/Nov/2021:13:31:11 +0000] "POST /api/v1/users/logout HTTP/1.1" 404 159 "-" "PostmanRuntime/7.28.2"
::1 - - [24/Nov/2021:13:32:17 +0000] "POST /api/v1/users/logout HTTP/1.1" 200 16 "-" "PostmanRuntime/7.28.2"
::1 - - [24/Nov/2021:13:33:03 +0000] "POST /api/v1/users/logout HTTP/1.1" 200 16 "-" "PostmanRuntime/7.28.2"
::1 - - [24/Nov/2021:13:33:10 +0000] "POST /api/v1/users/login HTTP/1.1" 200 620 "-" "PostmanRuntime/7.28.2"
::1 - - [24/Nov/2021:13:33:23 +0000] "POST /api/v1/users/logout HTTP/1.1" 200 16 "-" "PostmanRuntime/7.28.2"
::1 - - [24/Nov/2021:13:34:57 +0000] "POST /api/v1/users/logout HTTP/1.1" 500 59 "-" "PostmanRuntime/7.28.2"
::1 - - [26/Nov/2021:02:42:45 +0000] "POST /api/v1/users/logout HTTP/1.1" 200 16 "-" "PostmanRuntime/7.28.2"
::1 - - [26/Nov/2021:02:44:45 +0000] "POST /api/v1/users/logout HTTP/1.1" 200 16 "-" "PostmanRuntime/7.28.2"
::1 - - [26/Nov/2021:02:44:53 +0000] "POST /api/v1/users/logout HTTP/1.1" 200 16 "-" "PostmanRuntime/7.28.2"
::1 - - [26/Nov/2021:02:45:25 +0000] "POST /api/v1/users/logout HTTP/1.1" 200 16 "-" "PostmanRuntime/7.28.2"
::1 - - [26/Nov/2021:02:46:38 +0000] "POST /api/v1/users/logout HTTP/1.1" 200 16 "-" "PostmanRuntime/7.28.2"
::1 - - [26/Nov/2021:02:46:49 +0000] "POST /api/v1/users/logout HTTP/1.1" 200 16 "-" "PostmanRuntime/7.28.2"
::1 - - [26/Nov/2021:02:47:07 +0000] "POST /api/v1/users/logout HTTP/1.1" 200 16 "-" "PostmanRuntime/7.28.2"
::1 - - [26/Nov/2021:02:53:54 +0000] "POST /api/v1/users/logout HTTP/1.1" 200 16 "-" "PostmanRuntime/7.28.2"
::1 - - [26/Nov/2021:02:56:20 +0000] "POST /api/v1/users/logout HTTP/1.1" 200 16 "-" "PostmanRuntime/7.28.2"
::1 - - [26/Nov/2021:02:57:10 +0000] "POST /api/v1/users/logout HTTP/1.1" 403 117 "-" "PostmanRuntime/7.28.2"
::1 - - [26/Nov/2021:02:57:19 +0000] "POST /api/v1/users/login HTTP/1.1" 200 620 "-" "PostmanRuntime/7.28.2"
::1 - - [26/Nov/2021:02:57:58 +0000] "POST /api/v1/users/logout HTTP/1.1" 403 117 "-" "PostmanRuntime/7.28.2"
::1 - - [26/Nov/2021:03:01:17 +0000] "POST /api/v1/users/login HTTP/1.1" 200 620 "-" "PostmanRuntime/7.28.2"
::1 - - [26/Nov/2021:03:01:20 +0000] "POST /api/v1/users/logout HTTP/1.1" 200 16 "-" "PostmanRuntime/7.28.2"
::1 - - [26/Nov/2021:03:03:06 +0000] "POST /api/v1/users/logout HTTP/1.1" - - "-" "PostmanRuntime/7.28.2"
::1 - - [26/Nov/2021:03:06:20 +0000] "POST /api/v1/users/logout HTTP/1.1" 500 340 "-" "PostmanRuntime/7.28.2"
::1 - - [26/Nov/2021:03:07:59 +0000] "POST /api/v1/users/logout HTTP/1.1" 500 340 "-" "PostmanRuntime/7.28.2"
::1 - - [26/Nov/2021:03:08:03 +0000] "POST /api/v1/users/login HTTP/1.1" 200 620 "-" "PostmanRuntime/7.28.2"
::1 - - [26/Nov/2021:03:31:11 +0000] "POST /api/v1/users/logout HTTP/1.1" 500 340 "-" "PostmanRuntime/7.28.2"
::1 - - [26/Nov/2021:03:31:17 +0000] "POST /api/v1/users/logout HTTP/1.1" 500 340 "-" "PostmanRuntime/7.28.2"
::1 - - [26/Nov/2021:04:21:53 +0000] "POST /api/v1/users/logout HTTP/1.1" 500 340 "-" "PostmanRuntime/7.28.2"
::1 - - [26/Nov/2021:04:22:01 +0000] "POST /api/v1/users/login HTTP/1.1" 200 620 "-" "PostmanRuntime/7.28.2"
::1 - - [26/Nov/2021:04:22:06 +0000] "POST /api/v1/users/logout HTTP/1.1" 500 340 "-" "PostmanRuntime/7.28.2"
::1 - - [26/Nov/2021:04:28:30 +0000] "POST /api/v1/users/logout HTTP/1.1" 500 117 "-" "PostmanRuntime/7.28.2"
::1 - - [26/Nov/2021:04:30:15 +0000] "POST /api/v1/tasks/ HTTP/1.1" 500 117 "-" "PostmanRuntime/7.28.2"
::1 - - [26/Nov/2021:04:30:20 +0000] "POST /api/v1/users/login HTTP/1.1" 200 620 "-" "PostmanRuntime/7.28.2"
::1 - - [26/Nov/2021:04:30:25 +0000] "POST /api/v1/tasks/ HTTP/1.1" 500 248 "-" "PostmanRuntime/7.28.2"
::1 - - [26/Nov/2021:04:30:48 +0000] "POST /api/v1/tasks/ HTTP/1.1" 500 480 "-" "PostmanRuntime/7.28.2"
::1 - - [26/Nov/2021:04:31:02 +0000] "POST /api/v1/tasks/ HTTP/1.1" 200 459 "-" "PostmanRuntime/7.28.2"
::1 - - [26/Nov/2021:05:53:20 +0000] "GET /api/v1/task-categories HTTP/1.1" 500 63 "-" "PostmanRuntime/7.28.2"
::1 - - [26/Nov/2021:05:53:40 +0000] "GET /api/v1/task-categories HTTP/1.1" 500 78 "-" "PostmanRuntime/7.28.2"
::1 - - [26/Nov/2021:05:54:56 +0000] "GET /api/v1/task-categories HTTP/1.1" 200 1446 "-" "PostmanRuntime/7.28.2"
::1 - - [26/Nov/2021:05:55:44 +0000] "GET /api/v1/task-categories/5e90478549941f52dcb01b34 HTTP/1.1" 400 128 "-" "PostmanRuntime/7.28.2"
::1 - - [26/Nov/2021:05:55:51 +0000] "GET /api/v1/task-categories HTTP/1.1" 200 1446 "-" "PostmanRuntime/7.28.2"
::1 - - [26/Nov/2021:05:56:05 +0000] "GET /api/v1/task-categories/5e90434cd433ba11b078ed8a HTTP/1.1" 400 128 "-" "PostmanRuntime/7.28.2"
::1 - - [26/Nov/2021:05:56:33 +0000] "GET /api/v1/task-categories/5e90434cd433ba11b078ed8a HTTP/1.1" 400 113 "-" "PostmanRuntime/7.28.2"
::1 - - [26/Nov/2021:05:57:22 +0000] "GET /api/v1/task-categories/5e90434cd433ba11b078ed8a HTTP/1.1" 200 259 "-" "PostmanRuntime/7.28.2"
::1 - - [26/Nov/2021:05:58:05 +0000] "POST /api/v1/task-categories/ HTTP/1.1" 500 117 "-" "PostmanRuntime/7.28.2"
::1 - - [26/Nov/2021:05:58:21 +0000] "POST /api/v1/users/login HTTP/1.1" 200 620 "-" "PostmanRuntime/7.28.2"
::1 - - [26/Nov/2021:05:58:28 +0000] "POST /api/v1/task-categories/ HTTP/1.1" 403 116 "-" "PostmanRuntime/7.28.2"
::1 - - [26/Nov/2021:05:58:53 +0000] "POST /api/v1/task-categories/ HTTP/1.1" 403 116 "-" "PostmanRuntime/7.28.2"
::1 - - [26/Nov/2021:05:58:58 +0000] "POST /api/v1/task-categories/ HTTP/1.1" 403 116 "-" "PostmanRuntime/7.28.2"
::1 - - [26/Nov/2021:05:59:09 +0000] "POST /api/v1/task-categories/ HTTP/1.1" 403 116 "-" "PostmanRuntime/7.28.2"
::1 - - [26/Nov/2021:06:00:14 +0000] "POST /api/v1/users/login HTTP/1.1" 200 613 "-" "PostmanRuntime/7.28.2"
::1 - - [26/Nov/2021:06:00:19 +0000] "POST /api/v1/task-categories/ HTTP/1.1" 200 191 "-" "PostmanRuntime/7.28.2"
::1 - - [26/Nov/2021:06:00:58 +0000] "GET /api/v1/task-categories/61a077f3c16427e72790ff53 HTTP/1.1" 200 191 "-" "PostmanRuntime/7.28.2"
::1 - - [26/Nov/2021:06:01:14 +0000] "PUT /api/v1/categories/61a077f3c16427e72790ff53 HTTP/1.1" 403 113 "-" "PostmanRuntime/7.28.2"
::1 - - [26/Nov/2021:06:01:43 +0000] "PUT /api/v1/categories/61a077f3c16427e72790ff53 HTTP/1.1" 403 113 "-" "PostmanRuntime/7.28.2"
::1 - - [26/Nov/2021:06:01:47 +0000] "PUT /api/v1/categories/61a077f3c16427e72790ff53 HTTP/1.1" 403 113 "-" "PostmanRuntime/7.28.2"
::1 - - [26/Nov/2021:06:02:29 +0000] "PUT /api/v1/categories/61a077f3c16427e72790ff53 HTTP/1.1" 403 113 "-" "PostmanRuntime/7.28.2"
::1 - - [26/Nov/2021:06:02:36 +0000] "POST /api/v1/users/login HTTP/1.1" 200 613 "-" "PostmanRuntime/7.28.2"
::1 - - [26/Nov/2021:06:02:40 +0000] "PUT /api/v1/categories/61a077f3c16427e72790ff53 HTTP/1.1" 403 113 "-" "PostmanRuntime/7.28.2"
::1 - - [26/Nov/2021:06:02:56 +0000] "PUT /api/v1/task-categories/61a077f3c16427e72790ff53 HTTP/1.1" 200 196 "-" "PostmanRuntime/7.28.2"
::1 - - [26/Nov/2021:06:03:19 +0000] "DELETE /api/v1/categories/61a077f3c16427e72790ff53 HTTP/1.1" 500 63 "-" "PostmanRuntime/7.28.2"
::1 - - [26/Nov/2021:06:03:39 +0000] "DELETE /api/v1/categories/61a077f3c16427e72790ff53 HTTP/1.1" 500 63 "-" "PostmanRuntime/7.28.2"
::1 - - [26/Nov/2021:06:03:49 +0000] "DELETE /api/v1/task-categories/61a077f3c16427e72790ff53 HTTP/1.1" 400 128 "-" "PostmanRuntime/7.28.2"
::1 - - [26/Nov/2021:06:03:57 +0000] "GET /api/v1/task-categories/61a077f3c16427e72790ff53 HTTP/1.1" 200 196 "-" "PostmanRuntime/7.28.2"
::1 - - [26/Nov/2021:06:04:03 +0000] "DELETE /api/v1/task-categories/61a077f3c16427e72790ff53 HTTP/1.1" 400 128 "-" "PostmanRuntime/7.28.2"
::1 - - [26/Nov/2021:06:04:16 +0000] "DELETE /api/v1/task-categories/61a077f3c16427e72790ff53 HTTP/1.1" 400 128 "-" "PostmanRuntime/7.28.2"
::1 - - [26/Nov/2021:06:06:59 +0000] "DELETE /api/v1/task-categories/61a077f3c16427e72790ff53 HTTP/1.1" 200 196 "-" "PostmanRuntime/7.28.2"
::1 - - [26/Nov/2021:06:07:21 +0000] "GET /api/v1/categories/5e90434cd433fa11b078ed8a/tasks HTTP/1.1" 404 187 "-" "PostmanRuntime/7.28.2"
::1 - - [26/Nov/2021:06:11:27 +0000] "GET /api/v1/tasks HTTP/1.1" 200 3279 "-" "PostmanRuntime/7.28.2"
::1 - - [26/Nov/2021:06:11:35 +0000] "GET /api/v1/categories/5e90434cd433fa11b078ed8a/tasks HTTP/1.1" 404 187 "-" "PostmanRuntime/7.28.2"
::1 - - [26/Nov/2021:06:11:43 +0000] "GET /api/v1/task-categories/5e90434cd433fa11b078ed8a/tasks HTTP/1.1" 200 2014 "-" "PostmanRuntime/7.28.2"
::1 - - [26/Nov/2021:06:12:34 +0000] "GET /api/v1/task-categories HTTP/1.1" 200 1446 "-" "PostmanRuntime/7.28.2"
::1 - - [26/Nov/2021:06:12:52 +0000] "GET /api/v1/task-categories/5e904785499a1f52dcb01b34/tasks HTTP/1.1" 200 106 "-" "PostmanRuntime/7.28.2"
::1 - - [26/Nov/2021:06:13:57 +0000] "GET /api/v1/tasks/61893dbcd4ec337eac941648 HTTP/1.1" 200 507 "-" "PostmanRuntime/7.28.2"
::1 - - [26/Nov/2021:06:14:16 +0000] "PUT /api/v1/tasks/61893dbcd4ec337eac941648 HTTP/1.1" 500 117 "-" "PostmanRuntime/7.28.2"
::1 - - [26/Nov/2021:06:14:22 +0000] "POST /api/v1/users/login HTTP/1.1" 200 613 "-" "PostmanRuntime/7.28.2"
::1 - - [26/Nov/2021:06:14:28 +0000] "PUT /api/v1/tasks/61893dbcd4ec337eac941648 HTTP/1.1" 200 507 "-" "PostmanRuntime/7.28.2"
::1 - - [26/Nov/2021:06:25:14 +0000] "GET /api/v1/tasks HTTP/1.1" 200 3279 "-" "PostmanRuntime/7.28.2"
::1 - - [26/Nov/2021:06:26:18 +0000] "GET /api/v1/organization HTTP/1.1" 403 117 "-" "PostmanRuntime/7.28.2"
::1 - - [26/Nov/2021:06:26:25 +0000] "POST /api/v1/users/login HTTP/1.1" 200 613 "-" "PostmanRuntime/7.28.2"
::1 - - [26/Nov/2021:06:26:29 +0000] "GET /api/v1/organization HTTP/1.1" 403 117 "-" "PostmanRuntime/7.28.2"
::1 - - [26/Nov/2021:06:26:32 +0000] "GET /api/v1/organizations HTTP/1.1" 404 159 "-" "PostmanRuntime/7.28.2"
::1 - - [26/Nov/2021:06:27:19 +0000] "GET /api/v1/organization HTTP/1.1" 403 117 "-" "PostmanRuntime/7.28.2"
::1 - - [26/Nov/2021:06:27:22 +0000] "GET /api/v1/organizations HTTP/1.1" 404 159 "-" "PostmanRuntime/7.28.2"
::1 - - [26/Nov/2021:06:27:48 +0000] "GET /api/v1/organizations HTTP/1.1" 403 117 "-" "PostmanRuntime/7.28.2"
::1 - - [26/Nov/2021:06:28:38 +0000] "GET /api/v1/organizations HTTP/1.1" 200 2122 "-" "PostmanRuntime/7.28.2"
::1 - - [26/Nov/2021:06:30:24 +0000] "GET /api/v1/organizations/619e361c215533049a3c42c8 HTTP/1.1" 200 380 "-" "PostmanRuntime/7.28.2"
::1 - - [26/Nov/2021:06:31:04 +0000] "POST /api/v1/organization/register-org HTTP/1.1" 404 172 "-" "PostmanRuntime/7.28.2"
::1 - - [26/Nov/2021:06:31:10 +0000] "POST /api/v1/organizations/register-org HTTP/1.1" 200 653 "-" "PostmanRuntime/7.28.2"
::1 - - [26/Nov/2021:06:31:14 +0000] "POST /api/v1/organizations/register-org HTTP/1.1" 500 239 "-" "PostmanRuntime/7.28.2"
::1 - - [26/Nov/2021:06:31:26 +0000] "GET /api/v1/organizations/619e361c215533049a3c42c8 HTTP/1.1" 500 80 "-" "PostmanRuntime/7.28.2"
::1 - - [26/Nov/2021:06:31:32 +0000] "POST /api/v1/users/login HTTP/1.1" 200 613 "-" "PostmanRuntime/7.28.2"
::1 - - [26/Nov/2021:06:34:19 +0000] "GET /api/v1/organizations HTTP/1.1" 200 2461 "-" "PostmanRuntime/7.28.2"
::1 - - [26/Nov/2021:06:34:39 +0000] "GET /api/v1/organizations/61a07f2e79f55fd21031da57 HTTP/1.1" 200 362 "-" "PostmanRuntime/7.28.2"
::1 - - [26/Nov/2021:06:34:51 +0000] "POST /api/v1/organizations HTTP/1.1" 401 211 "-" "PostmanRuntime/7.28.2"
::1 - - [26/Nov/2021:06:35:17 +0000] "POST /api/v1/organizations HTTP/1.1" 500 80 "-" "PostmanRuntime/7.28.2"
::1 - - [26/Nov/2021:06:35:23 +0000] "POST /api/v1/users/login HTTP/1.1" 200 613 "-" "PostmanRuntime/7.28.2"
::1 - - [26/Nov/2021:06:35:29 +0000] "POST /api/v1/organizations HTTP/1.1" 200 439 "-" "PostmanRuntime/7.28.2"
::1 - - [26/Nov/2021:06:46:11 +0000] "POST /api/v1/organizations/register-org HTTP/1.1" 200 653 "-" "PostmanRuntime/7.28.2"
::1 - - [26/Nov/2021:06:46:16 +0000] "GET /api/v1/organizations HTTP/1.1" 403 117 "-" "PostmanRuntime/7.28.2"
::1 - - [26/Nov/2021:06:50:10 +0000] "GET /api/v1/organizations HTTP/1.1" 403 117 "-" "PostmanRuntime/7.28.2"
::1 - - [26/Nov/2021:06:59:23 +0000] "GET /api/v1/organizations HTTP/1.1" 500 117 "-" "PostmanRuntime/7.28.2"
::1 - - [26/Nov/2021:06:59:30 +0000] "POST /api/v1/organization/login-org HTTP/1.1" 404 169 "-" "PostmanRuntime/7.28.2"
::1 - - [26/Nov/2021:06:59:35 +0000] "POST /api/v1/organizations/login-org HTTP/1.1" 200 696 "-" "PostmanRuntime/7.28.2"
::1 - - [26/Nov/2021:06:59:40 +0000] "POST /api/v1/organizations HTTP/1.1" 200 439 "-" "PostmanRuntime/7.28.2"
::1 - - [26/Nov/2021:07:00:16 +0000] "DELETE /api/v1/users/61a085dc0c16157e559798b5 HTTP/1.1" 500 80 "-" "PostmanRuntime/7.28.2"
::1 - - [26/Nov/2021:07:00:33 +0000] "POST /api/v1/organizations/login-org HTTP/1.1" 200 696 "-" "PostmanRuntime/7.28.2"
::1 - - [26/Nov/2021:07:00:55 +0000] "DELETE /api/v1/users/61a085dc0c16157e559798b5 HTTP/1.1" 403 120 "-" "PostmanRuntime/7.28.2"
::1 - - [26/Nov/2021:07:01:03 +0000] "PUT /api/v1/organization/60e992610ad29e44e4ec5629 HTTP/1.1" 404 183 "-" "PostmanRuntime/7.28.2"
::1 - - [26/Nov/2021:07:01:07 +0000] "PUT /api/v1/organizations/60e992610ad29e44e4ec5629 HTTP/1.1" 400 130 "-" "PostmanRuntime/7.28.2"
::1 - - [26/Nov/2021:07:01:17 +0000] "PUT /api/v1/organizations/61a085dc0c16157e559798b5 HTTP/1.1" 200 360 "-" "PostmanRuntime/7.28.2"
::1 - - [26/Nov/2021:07:15:31 +0000] "POST /api/v1/organizations/login-org HTTP/1.1" 200 696 "-" "PostmanRuntime/7.28.2"
::1 - - [26/Nov/2021:07:15:55 +0000] "POST /api/v1/tasks/ HTTP/1.1" 403 120 "-" "PostmanRuntime/7.28.2"
::1 - - [26/Nov/2021:07:16:25 +0000] "POST /api/v1/tasks/ HTTP/1.1" 200 459 "-" "PostmanRuntime/7.28.2"
::1 - - [26/Nov/2021:07:17:06 +0000] "GET /api/v1/tasks/61a0837f1dfc693e2297f579 HTTP/1.1" 400 116 "-" "PostmanRuntime/7.28.2"
::1 - - [26/Nov/2021:07:17:20 +0000] "GET /api/v1/tasks/61a089c945068b65de06255f HTTP/1.1" 200 459 "-" "PostmanRuntime/7.28.2"
::1 - - [26/Nov/2021:07:18:19 +0000] "GET /api/v1/tasks/61a0837f1dfc693e2297f579 HTTP/1.1" 400 116 "-" "PostmanRuntime/7.28.2"
::1 - - [26/Nov/2021:07:18:30 +0000] "GET /api/v1/organizations/61a0837f1dfc693e2297f579 HTTP/1.1" 200 382 "-" "PostmanRuntime/7.28.2"
::1 - - [26/Nov/2021:07:19:08 +0000] "GET /api/v1/tasks/61a089c945068b65de06255f HTTP/1.1" 200 459 "-" "PostmanRuntime/7.28.2"
::1 - - [26/Nov/2021:07:19:28 +0000] "GET /api/v1/organizations/61a0837f1dfc693e2297f579 HTTP/1.1" 200 382 "-" "PostmanRuntime/7.28.2"
::1 - - [26/Nov/2021:07:21:43 +0000] "POST /api/v1/organizations/login-org HTTP/1.1" 200 696 "-" "PostmanRuntime/7.28.2"
::1 - - [26/Nov/2021:07:21:47 +0000] "GET /api/v1/tasks HTTP/1.1" 200 3279 "-" "PostmanRuntime/7.28.2"
::1 - - [26/Nov/2021:07:21:54 +0000] "GET /api/v1/task-categories/5e904785499a1f52dcb01b34/tasks HTTP/1.1" 200 106 "-" "PostmanRuntime/7.28.2"
::1 - - [26/Nov/2021:07:22:35 +0000] "GET /api/v1/tasks/61a089c945068b65de06255f HTTP/1.1" 200 459 "-" "PostmanRuntime/7.28.2"
::1 - - [26/Nov/2021:07:22:50 +0000] "PUT /api/v1/tasks/61a089c945068b65de06255f HTTP/1.1" 403 120 "-" "PostmanRuntime/7.28.2"
::1 - - [26/Nov/2021:07:24:52 +0000] "PUT /api/v1/tasks/61a089c945068b65de06255f HTTP/1.1" 200 503 "-" "PostmanRuntime/7.28.2"
::1 - - [26/Nov/2021:07:25:08 +0000] "GET /api/v1/users/61a0837f1dfc693e2297f579 HTTP/1.1" 403 120 "-" "PostmanRuntime/7.28.2"
::1 - - [26/Nov/2021:07:25:20 +0000] "GET /api/v1/organizations/61a0837f1dfc693e2297f579 HTTP/1.1" 200 382 "-" "PostmanRuntime/7.28.2"
::1 - - [26/Nov/2021:07:25:30 +0000] "GET /api/v1/tasks/61a089c945068b65de06255f HTTP/1.1" 200 503 "-" "PostmanRuntime/7.28.2"
::1 - - [26/Nov/2021:07:26:03 +0000] "POST /api/v1/organizations/login-org HTTP/1.1" 200 687 "-" "PostmanRuntime/7.28.2"
::1 - - [26/Nov/2021:07:26:16 +0000] "PUT /api/v1/tasks/61a089c945068b65de06255f HTTP/1.1" 400 177 "-" "PostmanRuntime/7.28.2"
::1 - - [26/Nov/2021:07:28:15 +0000] "DELETE /api/v1/tasks/61a089c945068b65de06255f HTTP/1.1" 403 117 "-" "PostmanRuntime/7.28.2"
::1 - - [26/Nov/2021:07:28:24 +0000] "DELETE /api/v1/tasks/61a089c945068b65de06255f HTTP/1.1" 403 120 "-" "PostmanRuntime/7.28.2"
::1 - - [26/Nov/2021:07:31:21 +0000] "POST /api/v1/organizations/login-org HTTP/1.1" 200 687 "-" "PostmanRuntime/7.28.2"
::1 - - [26/Nov/2021:07:31:24 +0000] "DELETE /api/v1/tasks/61a089c945068b65de06255f HTTP/1.1" 403 120 "-" "PostmanRuntime/7.28.2"
::1 - - [26/Nov/2021:07:32:22 +0000] "DELETE /api/v1/tasks/61a089c945068b65de06255f HTTP/1.1" 403 120 "-" "PostmanRuntime/7.28.2"
::1 - - [26/Nov/2021:07:32:54 +0000] "DELETE /api/v1/tasks/61a089c945068b65de06255f HTTP/1.1" 400 171 "-" "PostmanRuntime/7.28.2"
::1 - - [26/Nov/2021:07:33:54 +0000] "POST /api/v1/organizations/login-org HTTP/1.1" 200 696 "-" "PostmanRuntime/7.28.2"
::1 - - [26/Nov/2021:07:33:59 +0000] "DELETE /api/v1/tasks/61a089c945068b65de06255f HTTP/1.1" 400 130 "-" "PostmanRuntime/7.28.2"
::1 - - [26/Nov/2021:07:37:59 +0000] "DELETE /api/v1/tasks/61a089c945068b65de06255f HTTP/1.1" 500 67 "-" "PostmanRuntime/7.28.2"
::1 - - [26/Nov/2021:07:38:28 +0000] "DELETE /api/v1/tasks/61a089c945068b65de06255f HTTP/1.1" 500 75 "-" "PostmanRuntime/7.28.2"
::1 - - [26/Nov/2021:07:39:41 +0000] "DELETE /api/v1/tasks/61a089c945068b65de06255f HTTP/1.1" 500 117 "-" "PostmanRuntime/7.28.2"
::1 - - [26/Nov/2021:07:39:46 +0000] "POST /api/v1/organizations/login-org HTTP/1.1" 200 696 "-" "PostmanRuntime/7.28.2"
::1 - - [26/Nov/2021:07:39:49 +0000] "DELETE /api/v1/tasks/61a089c945068b65de06255f HTTP/1.1" 400 116 "-" "PostmanRuntime/7.28.2"
::1 - - [26/Nov/2021:07:40:01 +0000] "POST /api/v1/tasks/ HTTP/1.1" 200 459 "-" "PostmanRuntime/7.28.2"
::1 - - [26/Nov/2021:07:40:11 +0000] "DELETE /api/v1/tasks/61a08f50517a9d7fdc3c7829 HTTP/1.1" 500 72 "-" "PostmanRuntime/7.28.2"
::1 - - [26/Nov/2021:07:40:25 +0000] "DELETE /api/v1/tasks/61a08f50517a9d7fdc3c7829 HTTP/1.1" 200 490 "-" "PostmanRuntime/7.28.2"
::1 - - [26/Nov/2021:07:40:46 +0000] "GET /api/v1/tasks/61a08f50517a9d7fdc3c7829 HTTP/1.1" 200 459 "-" "PostmanRuntime/7.28.2"
::1 - - [26/Nov/2021:07:41:08 +0000] "DELETE /api/v1/tasks/61a08f50517a9d7fdc3c7829 HTTP/1.1" 200 490 "-" "PostmanRuntime/7.28.2"
::1 - - [26/Nov/2021:07:41:14 +0000] "GET /api/v1/tasks/61a08f50517a9d7fdc3c7829 HTTP/1.1" 400 116 "-" "PostmanRuntime/7.28.2"
::1 - - [26/Nov/2021:07:42:31 +0000] "POST /api/v1/tasks/ HTTP/1.1" 200 459 "-" "PostmanRuntime/7.28.2"
::1 - - [26/Nov/2021:07:43:35 +0000] "PUT /api/v1/tasks/61a08fe7ceae80b53580033d HTTP/1.1" 200 503 "-" "PostmanRuntime/7.28.2"
::1 - - [26/Nov/2021:07:43:53 +0000] "POST /api/v1/organizations/login-org HTTP/1.1" 200 687 "-" "PostmanRuntime/7.28.2"
::1 - - [26/Nov/2021:07:44:04 +0000] "GET /api/v1/tasks/61a08f50517a9d7fdc3c7829 HTTP/1.1" 400 116 "-" "PostmanRuntime/7.28.2"
::1 - - [26/Nov/2021:07:44:11 +0000] "GET /api/v1/tasks/61a08fe7ceae80b53580033d HTTP/1.1" 200 503 "-" "PostmanRuntime/7.28.2"
::1 - - [26/Nov/2021:07:44:26 +0000] "PUT /api/v1/tasks/61a08fe7ceae80b53580033d HTTP/1.1" 400 177 "-" "PostmanRuntime/7.28.2"
::1 - - [26/Nov/2021:07:44:39 +0000] "POST /api/v1/users/login HTTP/1.1" 200 620 "-" "PostmanRuntime/7.28.2"
::1 - - [26/Nov/2021:07:44:50 +0000] "PUT /api/v1/tasks/61a08fe7ceae80b53580033d HTTP/1.1" 400 177 "-" "PostmanRuntime/7.28.2"
::1 - - [26/Nov/2021:07:45:26 +0000] "POST /api/v1/organizations/login-org HTTP/1.1" 200 696 "-" "PostmanRuntime/7.28.2"
::1 - - [26/Nov/2021:07:45:32 +0000] "PUT /api/v1/tasks/61a08fe7ceae80b53580033d HTTP/1.1" 200 503 "-" "PostmanRuntime/7.28.2"
::1 - - [26/Nov/2021:08:52:03 +0000] "GET /api/v1/tasks HTTP/1.1" 200 3279 "-" "PostmanRuntime/7.28.2"
::1 - - [26/Nov/2021:08:52:16 +0000] "GET /api/v1/tasks/61893dbcd4ec210eac941648/bids HTTP/1.1" 404 181 "-" "PostmanRuntime/7.28.2"
::1 - - [26/Nov/2021:08:54:52 +0000] "GET /api/v1/tasks/61893dbcd4ec210eac941648/bids HTTP/1.1" 404 181 "-" "PostmanRuntime/7.28.2"
::1 - - [26/Nov/2021:08:59:19 +0000] "GET /api/v1/tasks/61893dbcd4ec210eac941648/bids HTTP/1.1" 404 181 "-" "PostmanRuntime/7.28.2"
::1 - - [26/Nov/2021:09:01:11 +0000] "GET /api/v1/tasks/61893dbcd4ec210eac941648/bids HTTP/1.1" 200 26 "-" "PostmanRuntime/7.28.2"
::1 - - [26/Nov/2021:09:09:28 +0000] "GET /api/v1/tasks/61893dbcd4ec210eac941648/bids HTTP/1.1" 500 78 "-" "PostmanRuntime/7.28.2"
::1 - - [26/Nov/2021:09:09:46 +0000] "GET /api/v1/tasks/61893dbcd4ec210eac941648/bids HTTP/1.1" 500 59 "-" "PostmanRuntime/7.28.2"
::1 - - [26/Nov/2021:09:09:57 +0000] "GET /api/v1/tasks/61893dbcd4ec210eac941648/bids HTTP/1.1" 200 96 "-" "PostmanRuntime/7.28.2"
::1 - - [26/Nov/2021:09:11:35 +0000] "GET /api/v1/tasks/61893dbcd4ec210eac941648/bids HTTP/1.1" 200 36 "-" "PostmanRuntime/7.28.2"
::1 - - [26/Nov/2021:09:11:59 +0000] "GET /api/v1/tasks HTTP/1.1" 200 3279 "-" "PostmanRuntime/7.28.2"
::1 - - [26/Nov/2021:09:12:06 +0000] "GET /api/v1/tasks/61893dbcd4ec237eac941648/bids HTTP/1.1" 200 1765 "-" "PostmanRuntime/7.28.2"
::1 - - [26/Nov/2021:09:16:13 +0000] "GET /api/v1/tasks/61893dbcd4ec237eac941648/bids/61a083801dfc693e2297f58e HTTP/1.1" 200 325 "-" "PostmanRuntime/7.28.2"
::1 - - [26/Nov/2021:09:16:58 +0000] "GET /api/v1/tasks HTTP/1.1" 200 3279 "-" "PostmanRuntime/7.28.2"
::1 - - [26/Nov/2021:09:17:36 +0000] "POST /api/v1/tasks/5e96cc1ba816c94e009a9c9e/bids HTTP/1.1" 500 117 "-" "PostmanRuntime/7.28.2"
::1 - - [26/Nov/2021:09:18:04 +0000] "GET /api/v1/tasks HTTP/1.1" 200 3279 "-" "PostmanRuntime/7.28.2"
::1 - - [26/Nov/2021:09:18:22 +0000] "POST /api/v1/tasks/61893dbcd4ec210eac941648/bids HTTP/1.1" 500 117 "-" "PostmanRuntime/7.28.2"
::1 - - [26/Nov/2021:09:18:31 +0000] "POST /api/v1/users/login HTTP/1.1" 200 620 "-" "PostmanRuntime/7.28.2"
::1 - - [26/Nov/2021:09:18:51 +0000] "POST /api/v1/tasks/61893dbcd4ec210eac941648/bids HTTP/1.1" 500 592 "-" "PostmanRuntime/7.28.2"
::1 - - [26/Nov/2021:09:20:33 +0000] "POST /api/v1/tasks/61893dbcd4ec210eac941648/bids HTTP/1.1" 500 360 "-" "PostmanRuntime/7.28.2"
::1 - - [26/Nov/2021:09:20:57 +0000] "POST /api/v1/tasks/61893dbcd4ec210eac941648/bids HTTP/1.1" 200 318 "-" "PostmanRuntime/7.28.2"
::1 - - [26/Nov/2021:09:21:34 +0000] "GET /api/v1/tasks/61893dbcd4ec210eac941648/bids HTTP/1.1" 200 330 "-" "PostmanRuntime/7.28.2"
::1 - - [26/Nov/2021:09:21:54 +0000] "GET /api/v1/tasks/61893dbcd4ec210eac941648/bids HTTP/1.1" 200 330 "-" "PostmanRuntime/7.28.2"
::1 - - [26/Nov/2021:09:27:38 +0000] "GET /api/v1/tasks/61893dbcd4ec210eac941648/bids HTTP/1.1" 200 330 "-" "PostmanRuntime/7.28.2"
::1 - - [26/Nov/2021:10:00:49 +0000] "GET /api/v1/tasks HTTP/1.1" 200 3279 "-" "PostmanRuntime/7.28.2"
::1 - - [26/Nov/2021:10:01:13 +0000] "GET /api/v1/tasks/61893dbcd4ec237eac941648/bids HTTP/1.1" 200 1765 "-" "PostmanRuntime/7.28.2"
::1 - - [26/Nov/2021:10:01:47 +0000] "PUT /api/v1/tasks/61a08fe7ceae80b53580033d HTTP/1.1" 500 117 "-" "PostmanRuntime/7.28.2"
::1 - - [26/Nov/2021:10:01:53 +0000] "POST /api/v1/users/login HTTP/1.1" 200 620 "-" "PostmanRuntime/7.28.2"
::1 - - [26/Nov/2021:10:01:56 +0000] "PUT /api/v1/tasks/61a08fe7ceae80b53580033d HTTP/1.1" 400 177 "-" "PostmanRuntime/7.28.2"
::1 - - [26/Nov/2021:10:02:27 +0000] "GET /api/v1/users/60e992610ad29e44e4ec5629 HTTP/1.1" 200 321 "-" "PostmanRuntime/7.28.2"
::1 - - [26/Nov/2021:10:03:36 +0000] "POST /api/v1/users/login HTTP/1.1" 200 595 "-" "PostmanRuntime/7.28.2"
::1 - - [26/Nov/2021:10:03:52 +0000] "PUT /api/v1/tasks/61a08fe7ceae80b53580033d HTTP/1.1" 400 177 "-" "PostmanRuntime/7.28.2"
::1 - - [26/Nov/2021:10:04:21 +0000] "PUT /api/v1/tasks/61893dbcd4ec237eac941648 HTTP/1.1" 200 721 "-" "PostmanRuntime/7.28.2"
::1 - - [26/Nov/2021:10:16:18 +0000] "GET /api/v1/tasks?created_by_user HTTP/1.1" 200 3342 "-" "PostmanRuntime/7.28.2"
::1 - - [26/Nov/2021:10:16:26 +0000] "GET /api/v1/tasks?created_by_user=60e992610ad29e44e4ec5629 HTTP/1.1" 200 3342 "-" "PostmanRuntime/7.28.2"
::1 - - [26/Nov/2021:10:17:01 +0000] "GET /api/v1/tasks?createdUser=60e992610ad29e44e4ec5629 HTTP/1.1" 200 1430 "-" "PostmanRuntime/7.28.2"
::1 - - [26/Nov/2021:10:18:09 +0000] "GET /api/v1/tasks HTTP/1.1" 200 3342 "-" "PostmanRuntime/7.28.2"
::1 - - [26/Nov/2021:10:18:29 +0000] "GET /api/v1/tasks?createdUser=60e992610ad29e44e4ec5629 HTTP/1.1" 200 1430 "-" "PostmanRuntime/7.28.2"
::1 - - [26/Nov/2021:10:18:39 +0000] "GET /api/v1/tasks HTTP/1.1" 200 3342 "-" "PostmanRuntime/7.28.2"
::1 - - [26/Nov/2021:10:21:18 +0000] "GET /api/v1/users/60e992610ad29e44e4ec5629 HTTP/1.1" 500 117 "-" "PostmanRuntime/7.28.2"
::1 - - [26/Nov/2021:10:21:22 +0000] "POST /api/v1/users/login HTTP/1.1" 200 595 "-" "PostmanRuntime/7.28.2"
::1 - - [26/Nov/2021:10:21:26 +0000] "GET /api/v1/users/60e992610ad29e44e4ec5629 HTTP/1.1" 403 112 "-" "PostmanRuntime/7.28.2"
::1 - - [26/Nov/2021:10:21:40 +0000] "POST /api/v1/users/login HTTP/1.1" 200 620 "-" "PostmanRuntime/7.28.2"
::1 - - [26/Nov/2021:10:21:45 +0000] "GET /api/v1/users/60e992610ad29e44e4ec5629 HTTP/1.1" 200 321 "-" "PostmanRuntime/7.28.2"
::1 - - [27/Nov/2021:09:12:16 +0000] "GET /api/v1/tasks/61893dbcd4ec237eac941648/bids HTTP/1.1" 200 1765 "-" "PostmanRuntime/7.28.2"
::1 - - [27/Nov/2021:12:03:01 +0000] "GET /api/v1/surveys HTTP/1.1" 500 59 "-" "PostmanRuntime/7.28.2"
::1 - - [27/Nov/2021:12:03:26 +0000] "GET /api/v1/surveys HTTP/1.1" 200 711 "-" "PostmanRuntime/7.28.2"
::1 - - [27/Nov/2021:12:07:11 +0000] "GET /api/v1/surveys HTTP/1.1" 200 707 "-" "PostmanRuntime/7.28.2"
::1 - - [27/Nov/2021:12:21:28 +0000] "GET /api/v1/survey-type/6193d9ab9d70bda168101ea2/surveys HTTP/1.1" 404 190 "-" "PostmanRuntime/7.28.2"
::1 - - [27/Nov/2021:13:57:55 +0000] "GET /api/v1/categories?select=name%20slug HTTP/1.1" 500 63 "-" "PostmanRuntime/7.28.2"
::1 - - [27/Nov/2021:13:58:19 +0000] "GET /api/v1/survey-types HTTP/1.1" 500 65 "-" "PostmanRuntime/7.28.2"
::1 - - [27/Nov/2021:13:58:43 +0000] "GET /api/v1/survey-types HTTP/1.1" 500 69 "-" "PostmanRuntime/7.28.2"
::1 - - [27/Nov/2021:13:59:02 +0000] "GET /api/v1/survey-types HTTP/1.1" 500 65 "-" "PostmanRuntime/7.28.2"
::1 - - [27/Nov/2021:13:59:15 +0000] "GET /api/v1/survey-types HTTP/1.1" 200 1005 "-" "PostmanRuntime/7.28.2"
::1 - - [27/Nov/2021:14:00:37 +0000] "GET /api/v1/survey-types/5e90434cd433fa11b078ed8a HTTP/1.1" 400 124 "-" "PostmanRuntime/7.28.2"
::1 - - [27/Nov/2021:14:01:00 +0000] "GET /api/v1/survey-types HTTP/1.1" 200 1005 "-" "PostmanRuntime/7.28.2"
::1 - - [27/Nov/2021:14:01:06 +0000] "GET /api/v1/survey-types/6193d9ab9d70bda168101ea2 HTTP/1.1" 400 124 "-" "PostmanRuntime/7.28.2"
::1 - - [27/Nov/2021:14:09:54 +0000] "GET /api/v1/survey-types/6193d9ab9d70bda168101ea2 HTTP/1.1" 200 401 "-" "PostmanRuntime/7.28.2"
::1 - - [27/Nov/2021:14:10:11 +0000] "POST /api/v1/survey-types HTTP/1.1" 403 117 "-" "PostmanRuntime/7.28.2"
::1 - - [27/Nov/2021:14:10:21 +0000] "POST /api/v1/survey-types HTTP/1.1" 500 117 "-" "PostmanRuntime/7.28.2"
::1 - - [27/Nov/2021:14:11:17 +0000] "POST /api/v1/users/login HTTP/1.1" 200 620 "-" "PostmanRuntime/7.28.2"
::1 - - [27/Nov/2021:14:11:25 +0000] "POST /api/v1/survey-types HTTP/1.1" 403 116 "-" "PostmanRuntime/7.28.2"
::1 - - [27/Nov/2021:14:16:53 +0000] "POST /api/v1/survey-types HTTP/1.1" 500 117 "-" "PostmanRuntime/7.28.2"
::1 - - [27/Nov/2021:14:16:59 +0000] "POST /api/v1/users/login HTTP/1.1" 200 613 "-" "PostmanRuntime/7.28.2"
::1 - - [27/Nov/2021:14:17:27 +0000] "GET /api/v1/survey-types HTTP/1.1" 200 1005 "-" "PostmanRuntime/7.28.2"
::1 - - [27/Nov/2021:14:34:48 +0000] "POST /api/v1/survey-types HTTP/1.1" 500 117 "-" "PostmanRuntime/7.28.2"
::1 - - [27/Nov/2021:14:34:53 +0000] "POST /api/v1/users/login HTTP/1.1" 200 613 "-" "PostmanRuntime/7.28.2"
::1 - - [27/Nov/2021:14:34:56 +0000] "POST /api/v1/survey-types HTTP/1.1" 200 193 "-" "PostmanRuntime/7.28.2"
::1 - - [27/Nov/2021:14:35:00 +0000] "GET /api/v1/survey-types HTTP/1.1" 200 1175 "-" "PostmanRuntime/7.28.2"
::1 - - [27/Nov/2021:14:35:23 +0000] "PUT /api/v1/survey-types/61a2421021a6ec3ccc40c4cc HTTP/1.1" 200 197 "-" "PostmanRuntime/7.28.2"
::1 - - [27/Nov/2021:14:35:38 +0000] "DELETE /api/v1/survey-types/61a2421021a6ec3ccc40c4cc HTTP/1.1" 200 197 "-" "PostmanRuntime/7.28.2"
::1 - - [27/Nov/2021:14:35:51 +0000] "GET /api/v1/surveys HTTP/1.1" 200 707 "-" "PostmanRuntime/7.28.2"
::1 - - [27/Nov/2021:15:07:12 +0000] "GET /api/v1/survey-type/6193d9ab9d70bda168101ea2/surveys HTTP/1.1" 404 190 "-" "PostmanRuntime/7.28.2"
::1 - - [27/Nov/2021:15:08:28 +0000] "GET /api/v1/survey-type/6193d9ab9d70bda168101ea2/surveys HTTP/1.1" 404 190 "-" "PostmanRuntime/7.28.2"
::1 - - [27/Nov/2021:15:08:36 +0000] "GET /api/v1/survey-types/6193d9ab9d70bda168101ea2/surveys HTTP/1.1" 404 191 "-" "PostmanRuntime/7.28.2"
::1 - - [27/Nov/2021:15:09:00 +0000] "GET /api/v1/survey-types/6193d9ab9d70bda168101ea2/surveys HTTP/1.1" 500 59 "-" "PostmanRuntime/7.28.2"
::1 - - [27/Nov/2021:15:09:45 +0000] "GET /api/v1/survey-types/6193d9ab9d70bda168101ea2/surveys HTTP/1.1" 200 717 "-" "PostmanRuntime/7.28.2"
::1 - - [27/Nov/2021:15:09:57 +0000] "GET /api/v1/surveys/60eacfabfdbc1cbbb500dfe0 HTTP/1.1" 400 124 "-" "PostmanRuntime/7.28.2"
::1 - - [27/Nov/2021:15:10:10 +0000] "GET /api/v1/surveys/6193eb7afa5bebd3077b9411 HTTP/1.1" 200 648 "-" "PostmanRuntime/7.28.2"
::1 - - [27/Nov/2021:15:11:08 +0000] "POST /api/v1/surveys HTTP/1.1" 403 117 "-" "PostmanRuntime/7.28.2"
::1 - - [27/Nov/2021:15:11:25 +0000] "POST /api/v1/users/login HTTP/1.1" 200 613 "-" "PostmanRuntime/7.28.2"
::1 - - [27/Nov/2021:15:11:36 +0000] "POST /api/v1/surveys HTTP/1.1" 500 65 "-" "PostmanRuntime/7.28.2"
::1 - - [27/Nov/2021:15:12:45 +0000] "POST /api/v1/surveys HTTP/1.1" 500 65 "-" "PostmanRuntime/7.28.2"
::1 - - [27/Nov/2021:15:13:07 +0000] "GET /api/v1/survey-types HTTP/1.1" 200 1005 "-" "PostmanRuntime/7.28.2"
::1 - - [27/Nov/2021:15:13:22 +0000] "POST /api/v1/surveys HTTP/1.1" 500 65 "-" "PostmanRuntime/7.28.2"
::1 - - [27/Nov/2021:15:13:49 +0000] "POST /api/v1/surveys HTTP/1.1" 200 657 "-" "PostmanRuntime/7.28.2"
