::1 - - [16/Jul/2021:02:16:09 +0000] "GET /api/v1/1/comments HTTP/1.1" 404 156 "-" "PostmanRuntime/7.28.2"
::1 - - [16/Jul/2021:02:16:41 +0000] "GET /api/v1/users/1/comments HTTP/1.1" 200 109 "-" "PostmanRuntime/7.28.2"
::1 - - [16/Jul/2021:02:17:36 +0000] "GET /api/v1/users/1/comments HTTP/1.1" 500 73 "-" "PostmanRuntime/7.28.2"
::1 - - [16/Jul/2021:02:18:22 +0000] "GET /api/v1/users/1/comments HTTP/1.1" 200 122 "-" "PostmanRuntime/7.28.2"
::1 - - [16/Jul/2021:02:18:37 +0000] "GET /api/v1/users/2/comments HTTP/1.1" 200 129 "-" "PostmanRuntime/7.28.2"
::1 - - [16/Jul/2021:02:18:42 +0000] "GET /api/v1/users/3/comments HTTP/1.1" 400 103 "-" "PostmanRuntime/7.28.2"
::1 - - [16/Jul/2021:02:18:48 +0000] "GET /api/v1/users/1/comments HTTP/1.1" 200 122 "-" "PostmanRuntime/7.28.2"
::1 - - [16/Jul/2021:02:19:13 +0000] "GET /api/v1/users/1/comments HTTP/1.1" 200 1257 "-" "PostmanRuntime/7.28.2"
::1 - - [16/Jul/2021:02:20:07 +0000] "GET /api/v1/users/2/comments HTTP/1.1" 200 703 "-" "PostmanRuntime/7.28.2"
::1 - - [16/Jul/2021:02:24:43 +0000] "GET /api/v1/users/1/comments HTTP/1.1" 200 1257 "-" "PostmanRuntime/7.28.2"
::ffff:127.0.0.1 - - [16/Jul/2021:02:27:42 +0000] "GET /api/v1/users/1/comments HTTP/1.1" 200 1257 "-" "PostmanRuntime/7.28.2"
::1 - - [16/Jul/2021:02:28:31 +0000] "GET /api/v1/users/1/comments HTTP/1.1" 200 1257 "-" "PostmanRuntime/7.28.2"
::1 - - [16/Jul/2021:02:28:49 +0000] "GET /api/v1/users/1/comments HTTP/1.1" 200 1257 "-" "PostmanRuntime/7.28.2"
::1 - - [16/Jul/2021:02:29:31 +0000] "GET /api/v1/book/1/comments HTTP/1.1" 404 161 "-" "PostmanRuntime/7.28.2"
::1 - - [16/Jul/2021:02:32:13 +0000] "GET /api/v1/books/1/comments HTTP/1.1" 404 162 "-" "PostmanRuntime/7.28.2"
::ffff:127.0.0.1 - - [16/Jul/2021:02:33:01 +0000] "GET /api/v1/books/1/comments HTTP/1.1" 200 109 "-" "PostmanRuntime/7.28.2"
::ffff:127.0.0.1 - - [16/Jul/2021:02:33:41 +0000] "GET /api/v1/books/1/comments HTTP/1.1" 200 1258 "-" "PostmanRuntime/7.28.2"
::1 - - [16/Jul/2021:02:39:37 +0000] "GET /api/v1/comments HTTP/1.1" 200 664 "-" "PostmanRuntime/7.28.2"
::1 - - [16/Jul/2021:02:39:40 +0000] "GET /api/v1/comments HTTP/1.1" 200 664 "-" "PostmanRuntime/7.28.2"
::1 - - [16/Jul/2021:02:40:14 +0000] "GET /api/v1/comments HTTP/1.1" 200 664 "-" "PostmanRuntime/7.28.2"
::1 - - [16/Jul/2021:02:41:13 +0000] "GET /api/v1/comments HTTP/1.1" 200 664 "-" "PostmanRuntime/7.28.2"
::1 - - [16/Jul/2021:02:43:55 +0000] "POST /api/v1/comments HTTP/1.1" 500 72 "-" "PostmanRuntime/7.28.2"
::1 - - [16/Jul/2021:02:45:24 +0000] "POST /api/v1/comments HTTP/1.1" 500 72 "-" "PostmanRuntime/7.28.2"
::1 - - [16/Jul/2021:02:46:34 +0000] "POST /api/v1/comments HTTP/1.1" 200 176 "-" "PostmanRuntime/7.28.2"
::1 - - [16/Jul/2021:02:48:43 +0000] "POST /api/v1/comments HTTP/1.1" 200 186 "-" "PostmanRuntime/7.28.2"
::1 - - [16/Jul/2021:02:52:51 +0000] "POST /api/v1/users/login HTTP/1.1" 200 434 "-" "PostmanRuntime/7.28.2"
::1 - - [16/Jul/2021:02:53:10 +0000] "GET /api/v1/users HTTP/1.1" 200 500 "-" "PostmanRuntime/7.28.2"
::1 - - [16/Jul/2021:02:53:36 +0000] "GET /api/v1/users/1/comments HTTP/1.1" 500 80 "-" "PostmanRuntime/7.28.2"
::1 - - [16/Jul/2021:02:53:46 +0000] "POST /api/v1/users/login HTTP/1.1" 200 434 "-" "PostmanRuntime/7.28.2"
::1 - - [16/Jul/2021:02:53:50 +0000] "GET /api/v1/users/1/comments HTTP/1.1" 200 1290 "-" "PostmanRuntime/7.28.2"
::1 - - [16/Jul/2021:02:54:11 +0000] "GET /api/v1/users/1/comments HTTP/1.1" 500 80 "-" "PostmanRuntime/7.28.2"
::1 - - [16/Jul/2021:02:54:24 +0000] "POST /api/v1/users/login HTTP/1.1" 200 434 "-" "PostmanRuntime/7.28.2"
::1 - - [16/Jul/2021:02:54:27 +0000] "GET /api/v1/users/1/comments HTTP/1.1" 200 1290 "-" "PostmanRuntime/7.28.2"
::1 - - [16/Jul/2021:03:16:19 +0000] "POST /api/v1/comments HTTP/1.1" 500 80 "-" "PostmanRuntime/7.28.2"
::1 - - [16/Jul/2021:03:16:25 +0000] "POST /api/v1/users/login HTTP/1.1" 200 434 "-" "PostmanRuntime/7.28.2"
::1 - - [16/Jul/2021:03:16:28 +0000] "POST /api/v1/comments HTTP/1.1" 500 1082 "-" "PostmanRuntime/7.28.2"
::1 - - [16/Jul/2021:03:16:41 +0000] "POST /api/v1/comments HTTP/1.1" 200 160 "-" "PostmanRuntime/7.28.2"
