::1 - - [17/Nov/2021:15:21:59 +0000] "POST /api/v1/users/login HTTP/1.1" 200 598 "-" "PostmanRuntime/7.28.2"
::1 - - [17/Nov/2021:15:22:52 +0000] "POST /api/v1/users/login HTTP/1.1" 500 65 "-" "PostmanRuntime/7.28.2"
::1 - - [17/Nov/2021:15:25:03 +0000] "GET /api/v1/users HTTP/1.1" 200 974 "-" "PostmanRuntime/7.28.2"
::1 - - [17/Nov/2021:15:25:54 +0000] "GET /api/v1/users HTTP/1.1" 200 974 "-" "PostmanRuntime/7.28.2"
::1 - - [17/Nov/2021:15:26:20 +0000] "GET /api/v1/users/60e99ab70bf9345137e0857b HTTP/1.1" 500 80 "-" "PostmanRuntime/7.28.2"
::1 - - [17/Nov/2021:15:26:25 +0000] "POST /api/v1/users/login HTTP/1.1" 200 598 "-" "PostmanRuntime/7.28.2"
::1 - - [17/Nov/2021:15:26:29 +0000] "GET /api/v1/users/60e99ab70bf9345137e0857b HTTP/1.1" 200 318 "-" "PostmanRuntime/7.28.2"
::1 - - [17/Nov/2021:15:26:42 +0000] "GET /api/v1/users/60e975185b60de320699d5a5 HTTP/1.1" 500 80 "-" "PostmanRuntime/7.28.2"
::1 - - [17/Nov/2021:15:27:29 +0000] "POST /api/v1/users/login HTTP/1.1" 200 598 "-" "PostmanRuntime/7.28.2"
::1 - - [17/Nov/2021:15:28:05 +0000] "GET /api/v1/users HTTP/1.1" 200 974 "-" "PostmanRuntime/7.28.2"
::1 - - [17/Nov/2021:15:28:18 +0000] "GET /api/v1/users/60e975185b60de320699d5a5 HTTP/1.1" 200 322 "-" "PostmanRuntime/7.28.2"
::1 - - [17/Nov/2021:15:28:51 +0000] "POST /api/v1/users/register HTTP/1.1" 500 1748 "-" "PostmanRuntime/7.28.2"
::1 - - [17/Nov/2021:15:32:42 +0000] "POST /api/v1/users/register HTTP/1.1" 200 625 "-" "PostmanRuntime/7.28.2"
::1 - - [17/Nov/2021:15:33:58 +0000] "POST /api/v1/users/ HTTP/1.1" 500 1748 "-" "PostmanRuntime/7.28.2"
::1 - - [17/Nov/2021:15:34:35 +0000] "POST /api/v1/users/ HTTP/1.1" 500 245 "-" "PostmanRuntime/7.28.2"
::1 - - [17/Nov/2021:15:34:59 +0000] "DELETE /api/v1/users/6195209aaa89e1ac7922bfe3 HTTP/1.1" 500 80 "-" "PostmanRuntime/7.28.2"
::1 - - [17/Nov/2021:15:35:07 +0000] "POST /api/v1/users/login HTTP/1.1" 200 598 "-" "PostmanRuntime/7.28.2"
::1 - - [17/Nov/2021:15:35:20 +0000] "DELETE /api/v1/users/6195209aaa89e1ac7922bfe3 HTTP/1.1" 403 116 "-" "PostmanRuntime/7.28.2"
::1 - - [17/Nov/2021:15:35:46 +0000] "POST /api/v1/users/login HTTP/1.1" 200 598 "-" "PostmanRuntime/7.28.2"
::1 - - [17/Nov/2021:15:35:50 +0000] "DELETE /api/v1/users/6195209aaa89e1ac7922bfe3 HTTP/1.1" 403 116 "-" "PostmanRuntime/7.28.2"
::1 - - [17/Nov/2021:15:36:31 +0000] "DELETE /api/v1/users/6195209aaa89e1ac7922bfe3 HTTP/1.1" 403 116 "-" "PostmanRuntime/7.28.2"
::1 - - [17/Nov/2021:15:36:36 +0000] "DELETE /api/v1/users/6195209aaa89e1ac7922bfe3 HTTP/1.1" 403 116 "-" "PostmanRuntime/7.28.2"
::1 - - [17/Nov/2021:15:36:42 +0000] "POST /api/v1/users/login HTTP/1.1" 200 591 "-" "PostmanRuntime/7.28.2"
::1 - - [17/Nov/2021:15:36:50 +0000] "DELETE /api/v1/users/6195209aaa89e1ac7922bfe3 HTTP/1.1" 200 347 "-" "PostmanRuntime/7.28.2"
::1 - - [17/Nov/2021:15:36:59 +0000] "POST /api/v1/users/ HTTP/1.1" 200 417 "-" "PostmanRuntime/7.28.2"
::1 - - [17/Nov/2021:15:40:20 +0000] "POST /api/v1/users/login HTTP/1.1" 200 591 "-" "PostmanRuntime/7.28.2"
::1 - - [17/Nov/2021:15:40:39 +0000] "GET /api/v1/users/60e99ab70bf9345137e0857b/books HTTP/1.1" 500 80 "-" "PostmanRuntime/7.28.2"
::1 - - [17/Nov/2021:15:41:04 +0000] "POST /api/v1/users/reset-password HTTP/1.1" 400 96 "-" "PostmanRuntime/7.28.2"
::1 - - [17/Nov/2021:15:41:09 +0000] "POST /api/v1/users/forgot-password HTTP/1.1" 500 462 "-" "PostmanRuntime/7.28.2"
