::1 - - [27/Nov/2021:16:15:34 +0000] "PUT /api/v1/surveys/6193eb7afa5bebd4077b9411 HTTP/1.1" 403 117 "-" "PostmanRuntime/7.28.2"
::1 - - [27/Nov/2021:16:15:40 +0000] "PUT /api/v1/surveys/6193eb7afa5bebd4077b9411 HTTP/1.1" 500 117 "-" "PostmanRuntime/7.28.2"
::1 - - [27/Nov/2021:16:15:46 +0000] "POST /api/v1/users HTTP/1.1" 200 417 "-" "PostmanRuntime/7.28.2"
::1 - - [27/Nov/2021:16:15:52 +0000] "PUT /api/v1/surveys/6193eb7afa5bebd4077b9411 HTTP/1.1" 500 80 "-" "PostmanRuntime/7.28.2"
::1 - - [27/Nov/2021:16:16:00 +0000] "PUT /api/v1/surveys/6193eb7afa5bebd4077b9411 HTTP/1.1" 500 80 "-" "PostmanRuntime/7.28.2"
::1 - - [27/Nov/2021:16:16:07 +0000] "POST /api/v1/users/login HTTP/1.1" 200 613 "-" "PostmanRuntime/7.28.2"
::1 - - [27/Nov/2021:16:16:12 +0000] "PUT /api/v1/surveys/6193eb7afa5bebd4077b9411 HTTP/1.1" 500 84 "-" "PostmanRuntime/7.28.2"
::1 - - [27/Nov/2021:16:16:44 +0000] "PUT /api/v1/surveys/6193eb7afa5bebd4077b9411 HTTP/1.1" 500 79 "-" "PostmanRuntime/7.28.2"
::1 - - [27/Nov/2021:16:18:13 +0000] "DELETE /api/v1/surveys/6193eb7afa5bebd4077b9411 HTTP/1.1" 500 59 "-" "PostmanRuntime/7.28.2"
::1 - - [27/Nov/2021:16:18:48 +0000] "DELETE /api/v1/surveys/6193eb7afa5bebd4077b9411 HTTP/1.1" 500 79 "-" "PostmanRuntime/7.28.2"
::1 - - [27/Nov/2021:16:18:55 +0000] "POST /api/v1/users/login HTTP/1.1" 200 613 "-" "PostmanRuntime/7.28.2"
::1 - - [27/Nov/2021:16:20:15 +0000] "POST /api/v1/surveys HTTP/1.1" 200 679 "-" "PostmanRuntime/7.28.2"
::1 - - [27/Nov/2021:16:20:20 +0000] "PUT /api/v1/surveys/6193eb7afa5bebd4077b9411 HTTP/1.1" 200 657 "-" "PostmanRuntime/7.28.2"
::1 - - [27/Nov/2021:16:20:23 +0000] "GET /api/v1/surveys/6193eb7afa5bebd3077b9411 HTTP/1.1" 200 648 "-" "PostmanRuntime/7.28.2"
::1 - - [27/Nov/2021:16:20:35 +0000] "GET /api/v1/surveys/60e99ab70bf9345137e0857b HTTP/1.1" 400 124 "-" "PostmanRuntime/7.28.2"
::1 - - [27/Nov/2021:16:20:44 +0000] "GET /api/v1/surveys/6193eb7afa5bebd4077b9411 HTTP/1.1" 200 657 "-" "PostmanRuntime/7.28.2"
::1 - - [27/Nov/2021:16:20:57 +0000] "DELETE /api/v1/surveys/6193eb7afa5bebd4077b9411 HTTP/1.1" 200 657 "-" "PostmanRuntime/7.28.2"
::1 - - [30/Nov/2021:00:56:09 +0000] "GET /api/v1/surveys/5e96cc1ba816c94e009a9c9e/questions HTTP/1.1" 500 63 "-" "PostmanRuntime/7.28.2"
::1 - - [30/Nov/2021:00:57:55 +0000] "GET /api/v1/surveys/5e96cc1ba816c94e009a9c9e/questions HTTP/1.1" 500 59 "-" "PostmanRuntime/7.28.2"
::1 - - [30/Nov/2021:00:58:11 +0000] "GET /api/v1/surveys/5e96cc1ba816c94e009a9c9e/questions HTTP/1.1" 200 36 "-" "PostmanRuntime/7.28.2"
::1 - - [30/Nov/2021:00:58:24 +0000] "GET /api/v1/surveys HTTP/1.1" 200 707 "-" "PostmanRuntime/7.28.2"
::1 - - [30/Nov/2021:00:58:37 +0000] "GET /api/v1/surveys/6193eb7afa5bebd3077b9411/questions HTTP/1.1" 200 2577 "-" "PostmanRuntime/7.28.2"
::1 - - [30/Nov/2021:00:58:58 +0000] "GET /api/v1/surveys/6193eb7afa5bebd3077b9411/questions/6193f8c98b20993dfdf16a19 HTTP/1.1" 500 63 "-" "PostmanRuntime/7.28.2"
::1 - - [30/Nov/2021:00:59:20 +0000] "GET /api/v1/surveys/6193eb7afa5bebd3077b9411/questions/6193f8c98b20993dfdf16a19 HTTP/1.1" 200 525 "-" "PostmanRuntime/7.28.2"
::1 - - [30/Nov/2021:01:07:50 +0000] "POST /api/v1/surveys/6193eb7afa5bebd3077b9411/questions HTTP/1.1" 500 117 "-" "PostmanRuntime/7.28.2"
::1 - - [30/Nov/2021:01:08:02 +0000] "POST /api/v1/users/login HTTP/1.1" 200 613 "-" "PostmanRuntime/7.28.2"
::1 - - [30/Nov/2021:01:08:09 +0000] "POST /api/v1/surveys/6193eb7afa5bebd3077b9411/questions HTTP/1.1" 200 359 "-" "PostmanRuntime/7.28.2"
::1 - - [30/Nov/2021:01:14:35 +0000] "PUT /api/v1/surveys/6193eb7afa5bebd3077b9411/questions/6193eb7afa5bebd3077b9411 HTTP/1.1" 500 117 "-" "PostmanRuntime/7.28.2"
::1 - - [30/Nov/2021:01:14:43 +0000] "POST /api/v1/users/login HTTP/1.1" 200 613 "-" "PostmanRuntime/7.28.2"
::1 - - [30/Nov/2021:01:14:49 +0000] "PUT /api/v1/surveys/6193eb7afa5bebd3077b9411/questions/6193eb7afa5bebd3077b9411 HTTP/1.1" 400 120 "-" "PostmanRuntime/7.28.2"
::1 - - [30/Nov/2021:01:15:41 +0000] "PUT /api/v1/surveys/6193eb7afa5bebd3077b9411/questions/61a5797942f4969bdd1eff43 HTTP/1.1" 500 84 "-" "PostmanRuntime/7.28.2"
::1 - - [30/Nov/2021:01:29:13 +0000] "PUT /api/v1/surveys/6193eb7afa5bebd3077b9411/questions/61a5797942f4969bdd1eff43 HTTP/1.1" 500 117 "-" "PostmanRuntime/7.28.2"
::1 - - [30/Nov/2021:01:29:18 +0000] "POST /api/v1/users/login HTTP/1.1" 200 620 "-" "PostmanRuntime/7.28.2"
::1 - - [30/Nov/2021:01:29:23 +0000] "PUT /api/v1/surveys/6193eb7afa5bebd3077b9411/questions/61a5797942f4969bdd1eff43 HTTP/1.1" 400 120 "-" "PostmanRuntime/7.28.2"
::1 - - [30/Nov/2021:01:29:34 +0000] "GET /api/v1/surveys/6193eb7afa5bebd3077b9411/questions/6193f8c98b20993dfdf16a19 HTTP/1.1" 200 568 "-" "PostmanRuntime/7.28.2"
::1 - - [30/Nov/2021:01:29:46 +0000] "PUT /api/v1/surveys/6193eb7afa5bebd3077b9411/questions/6193f8c98b20993dfdf16a19 HTTP/1.1" 400 160 "-" "PostmanRuntime/7.28.2"
::1 - - [30/Nov/2021:01:29:56 +0000] "GET /api/v1/surveys/6193eb7afa5bebd3077b9411/questions HTTP/1.1" 200 2878 "-" "PostmanRuntime/7.28.2"
::1 - - [30/Nov/2021:01:30:15 +0000] "GET /api/v1/surveys HTTP/1.1" 200 705 "-" "PostmanRuntime/7.28.2"
::1 - - [30/Nov/2021:01:30:32 +0000] "GET /api/v1/surveys/6193eb7afa5bebd3077b9411/questions HTTP/1.1" 200 2878 "-" "PostmanRuntime/7.28.2"
::1 - - [30/Nov/2021:01:31:02 +0000] "POST /api/v1/surveys/6193eb7afa5bebd3077b9411/questions HTTP/1.1" 200 402 "-" "PostmanRuntime/7.28.2"
::1 - - [30/Nov/2021:01:31:15 +0000] "PUT /api/v1/surveys/6193eb7afa5bebd3077b9411/questions/61a57ed6f4d017d9cf3b030b HTTP/1.1" 200 402 "-" "PostmanRuntime/7.28.2"
::1 - - [30/Nov/2021:01:31:31 +0000] "PUT /api/v1/surveys/6193eb7afa5bebd3077b9411/questions/61a57ed6f4d017d9cf3b030b HTTP/1.1" 200 372 "-" "PostmanRuntime/7.28.2"
::1 - - [30/Nov/2021:01:31:36 +0000] "PUT /api/v1/surveys/6193eb7afa5bebd3077b9411/questions/61a57ed6f4d017d9cf3b030b HTTP/1.1" 200 372 "-" "PostmanRuntime/7.28.2"
::1 - - [30/Nov/2021:01:32:06 +0000] "DELETE /api/v1/surveys/6193eb7afa5bebd3077b9411/questions/61a57ed6f4d017d9cf3b030b HTTP/1.1" 200 701 "-" "PostmanRuntime/7.28.2"
::1 - - [30/Nov/2021:14:34:09 +0000] "GET /api/v1/surveys/5e96cc1ba816c94e009a9c9e/questions/4132412439284792/answers HTTP/1.1" 500 273 "-" "PostmanRuntime/7.28.2"
::1 - - [30/Nov/2021:14:34:24 +0000] "GET /api/v1/surveys HTTP/1.1" 200 705 "-" "PostmanRuntime/7.28.2"
::1 - - [30/Nov/2021:14:34:57 +0000] "GET /api/v1/surveys/6193eb7afa5bebd3077b9411/questions HTTP/1.1" 200 2878 "-" "PostmanRuntime/7.28.2"
::1 - - [30/Nov/2021:14:35:15 +0000] "GET /api/v1/surveys/6193eb7afa5bebd3077b9411/questions/6193f8c98b20993dfdf16a15/answers HTTP/1.1" 400 120 "-" "PostmanRuntime/7.28.2"
::1 - - [30/Nov/2021:14:38:33 +0000] "GET /api/v1/surveys/6193eb7afa5bebd3077b9411/questions/6193f8c98b20993dfdf16a15/answers HTTP/1.1" 500 348 "-" "PostmanRuntime/7.28.2"
::1 - - [30/Nov/2021:14:39:01 +0000] "GET /api/v1/surveys/6193eb7afa5bebd3077b9411/questions/6193f8c98b20993dfdf16a15/answers HTTP/1.1" 200 257 "-" "PostmanRuntime/7.28.2"
::1 - - [30/Nov/2021:14:50:18 +0000] "POST /api/v1/surveys/6193eb7afa5bebd3077b9411/questions/6193f8c98b20993dfdf16a15/answers HTTP/1.1" 400 148 "-" "PostmanRuntime/7.28.2"
::1 - - [30/Nov/2021:14:50:28 +0000] "POST /api/v1/users/login HTTP/1.1" 200 620 "-" "PostmanRuntime/7.28.2"
::1 - - [30/Nov/2021:14:50:37 +0000] "POST /api/v1/surveys/6193eb7afa5bebd3077b9411/questions/6193f8c98b20993dfdf16a15/answers HTTP/1.1" 400 148 "-" "PostmanRuntime/7.28.2"
::1 - - [30/Nov/2021:14:51:26 +0000] "POST /api/v1/surveys/6193eb7afa5bebd3077b9411/questions/6193f8c98b20993dfdf16a15/answers HTTP/1.1" 400 148 "-" "PostmanRuntime/7.28.2"
::1 - - [30/Nov/2021:15:09:45 +0000] "GET /api/v1/question-types HTTP/1.1" 404 160 "-" "PostmanRuntime/7.28.2"
::1 - - [30/Nov/2021:15:15:48 +0000] "GET /api/v1/question-types HTTP/1.1" 404 160 "-" "PostmanRuntime/7.28.2"
::1 - - [30/Nov/2021:15:19:25 +0000] "GET /api/v1/question-types HTTP/1.1" 200 826 "-" "PostmanRuntime/7.28.2"
::1 - - [30/Nov/2021:15:19:36 +0000] "GET /api/v1/question-types/6193f8c98b20993dfdf16a0c HTTP/1.1" 200 216 "-" "PostmanRuntime/7.28.2"
::1 - - [30/Nov/2021:15:20:15 +0000] "POST /api/v1/question-types HTTP/1.1" 403 117 "-" "PostmanRuntime/7.28.2"
::1 - - [30/Nov/2021:15:20:23 +0000] "POST /api/v1/users/login HTTP/1.1" 200 620 "-" "PostmanRuntime/7.28.2"
::1 - - [30/Nov/2021:15:20:30 +0000] "POST /api/v1/question-types HTTP/1.1" 403 117 "-" "PostmanRuntime/7.28.2"
::1 - - [30/Nov/2021:15:21:35 +0000] "POST /api/v1/question-types HTTP/1.1" 403 116 "-" "PostmanRuntime/7.28.2"
::1 - - [30/Nov/2021:15:22:02 +0000] "POST /api/v1/users/login HTTP/1.1" 200 613 "-" "PostmanRuntime/7.28.2"
::1 - - [30/Nov/2021:15:22:06 +0000] "POST /api/v1/question-types HTTP/1.1" 200 166 "-" "PostmanRuntime/7.28.2"
::1 - - [30/Nov/2021:15:23:15 +0000] "PUT /api/v1/question-types/61a6419e35bd36c2cd3af642 HTTP/1.1" 500 65 "-" "PostmanRuntime/7.28.2"
::1 - - [30/Nov/2021:15:23:39 +0000] "PUT /api/v1/question-types/61a6419e35bd36c2cd3af642 HTTP/1.1" 400 139 "-" "PostmanRuntime/7.28.2"
::1 - - [30/Nov/2021:15:24:34 +0000] "GET /api/v1/question-types/61a6419e35bd36c2cd3af642 HTTP/1.1" 200 166 "-" "PostmanRuntime/7.28.2"
