::ffff:127.0.0.1 - - [14/Jul/2021:13:35:46 +0000] "GET / HTTP/1.1" 404 139 "-" "Mozilla/5.0 (Windows NT 10.0; Win64; x64) AppleWebKit/537.36 (KHTML, like Gecko) Chrome/91.0.4472.124 Safari/537.36"
::1 - - [14/Jul/2021:22:23:09 +0000] "GET /api/v1/books HTTP/1.1" 200 9286 "-" "PostmanRuntime/7.28.1"

::1 - - [15/Jul/2021:09:27:35 +0000] "GET /api/v1/users HTTP/1.1" 200 500 "-" "PostmanRuntime/7.28.2"
::1 - - [15/Jul/2021:09:27:59 +0000] "GET /api/v1/books HTTP/1.1" 200 9286 "-" "PostmanRuntime/7.28.2"
::1 - - [15/Jul/2021:09:28:23 +0000] "POST //api/v1/comments HTTP/1.1" 404 156 "-" "PostmanRuntime/7.28.2"
::1 - - [15/Jul/2021:09:36:55 +0000] "POST //api/v1/comments HTTP/1.1" 404 156 "-" "PostmanRuntime/7.28.2"
::1 - - [15/Jul/2021:09:37:21 +0000] "POST /api/v1/comments HTTP/1.1" 401 211 "-" "PostmanRuntime/7.28.2"
::1 - - [15/Jul/2021:09:37:38 +0000] "POST /api/v1/users/login HTTP/1.1" 200 434 "-" "PostmanRuntime/7.28.2"
::1 - - [15/Jul/2021:09:37:43 +0000] "POST /api/v1/comments HTTP/1.1" 401 211 "-" "PostmanRuntime/7.28.2"
::1 - - [15/Jul/2021:09:38:03 +0000] "POST /api/v1/comments HTTP/1.1" 500 80 "-" "PostmanRuntime/7.28.2"
::1 - - [15/Jul/2021:09:38:37 +0000] "POST /api/v1/users/login HTTP/1.1" 200 434 "-" "PostmanRuntime/7.28.2"
::1 - - [15/Jul/2021:09:39:28 +0000] "POST /api/v1/users/login HTTP/1.1" 200 434 "-" "PostmanRuntime/7.28.2"
::1 - - [15/Jul/2021:09:39:37 +0000] "POST /api/v1/comments HTTP/1.1" 500 812 "-" "PostmanRuntime/7.28.2"
::1 - - [15/Jul/2021:09:44:21 +0000] "POST /api/v1/comments HTTP/1.1" 500 812 "-" "PostmanRuntime/7.28.2"
::1 - - [15/Jul/2021:09:44:52 +0000] "POST /api/v1/comments HTTP/1.1" 500 812 "-" "PostmanRuntime/7.28.2"
::1 - - [15/Jul/2021:09:45:44 +0000] "POST /api/v1/comments HTTP/1.1" 500 63 "-" "PostmanRuntime/7.28.2"
::1 - - [15/Jul/2021:09:46:23 +0000] "POST /api/v1/comments HTTP/1.1" 500 1619 "-" "PostmanRuntime/7.28.2"
::1 - - [15/Jul/2021:09:46:46 +0000] "POST /api/v1/comments HTTP/1.1" 500 1570 "-" "PostmanRuntime/7.28.2"
::1 - - [15/Jul/2021:09:55:35 +0000] "POST /api/v1/comments HTTP/1.1" 500 1619 "-" "PostmanRuntime/7.28.2"
::1 - - [15/Jul/2021:09:55:42 +0000] "POST /api/v1/comments HTTP/1.1" 500 1603 "-" "PostmanRuntime/7.28.2"
::1 - - [15/Jul/2021:09:56:33 +0000] "POST /api/v1/comments HTTP/1.1" 500 1619 "-" "PostmanRuntime/7.28.2"
::1 - - [15/Jul/2021:10:00:32 +0000] "POST /api/v1/comments HTTP/1.1" 500 1619 "-" "PostmanRuntime/7.28.2"
::1 - - [15/Jul/2021:10:04:09 +0000] "POST /api/v1/comments HTTP/1.1" 500 1619 "-" "PostmanRuntime/7.28.2"
::1 - - [15/Jul/2021:10:04:51 +0000] "POST /api/v1/comments HTTP/1.1" 200 168 "-" "PostmanRuntime/7.28.2"
::1 - - [15/Jul/2021:10:12:50 +0000] "POST /api/v1/comments HTTP/1.1" 200 168 "-" "PostmanRuntime/7.28.2"
::1 - - [15/Jul/2021:10:16:22 +0000] "GET /api/v1/comments HTTP/1.1" 404 154 "-" "PostmanRuntime/7.28.2"
::1 - - [15/Jul/2021:10:26:12 +0000] "PUT /api/v1/comments/2 HTTP/1.1" 200 178 "-" "PostmanRuntime/7.28.2"
::1 - - [15/Jul/2021:10:38:31 +0000] "DELETE /api/v1/comments/2 HTTP/1.1" 200 178 "-" "PostmanRuntime/7.28.2"
::1 - - [15/Jul/2021:10:38:54 +0000] "DELETE /api/v1/comments/2 HTTP/1.1" 200 174 "-" "PostmanRuntime/7.28.2"
::1 - - [15/Jul/2021:10:40:42 +0000] "DELETE /api/v1/comments/2 HTTP/1.1" 200 174 "-" "PostmanRuntime/7.28.2"
::1 - - [15/Jul/2021:10:45:27 +0000] "GET /api/v1/comments/2 HTTP/1.1" 400 99 "-" "PostmanRuntime/7.28.2"
::1 - - [15/Jul/2021:10:45:34 +0000] "GET /api/v1/comments/1 HTTP/1.1" 200 164 "-" "PostmanRuntime/7.28.2"
::1 - - [15/Jul/2021:13:17:25 +0000] "GET /api/v1/comments?select=name%20price&sort=-price&price[$gt]=20000&page=3 HTTP/1.1" 200 237 "-" "PostmanRuntime/7.28.2"
::1 - - [15/Jul/2021:13:17:51 +0000] "POST /api/v1/comments HTTP/1.1" 200 168 "-" "PostmanRuntime/7.28.2"
::1 - - [15/Jul/2021:13:19:17 +0000] "POST /api/v1/comments HTTP/1.1" 200 168 "-" "PostmanRuntime/7.28.2"
::1 - - [15/Jul/2021:13:19:18 +0000] "POST /api/v1/comments HTTP/1.1" 200 168 "-" "PostmanRuntime/7.28.2"
::1 - - [15/Jul/2021:13:19:19 +0000] "POST /api/v1/comments HTTP/1.1" 200 168 "-" "PostmanRuntime/7.28.2"
::1 - - [15/Jul/2021:13:19:20 +0000] "POST /api/v1/comments HTTP/1.1" 200 168 "-" "PostmanRuntime/7.28.2"
::1 - - [15/Jul/2021:13:19:20 +0000] "POST /api/v1/comments HTTP/1.1" 200 168 "-" "PostmanRuntime/7.28.2"
::1 - - [15/Jul/2021:13:19:21 +0000] "POST /api/v1/comments HTTP/1.1" 200 168 "-" "PostmanRuntime/7.28.2"
::1 - - [15/Jul/2021:13:19:24 +0000] "GET /api/v1/comments?select=name%20price&sort=-price&price[$gt]=20000&page=3 HTTP/1.1" 200 1224 "-" "PostmanRuntime/7.28.2"
::1 - - [15/Jul/2021:13:19:42 +0000] "GET /api/v1/comments?select=name%20price&sort=-price&price[$gt]=20000&page=1&limit3 HTTP/1.1" 200 1210 "-" "PostmanRuntime/7.28.2"
::1 - - [15/Jul/2021:13:20:09 +0000] "GET /api/v1/comments?select=name%20price&sort=-price&price[$gt]=20000&page=1&limit=3 HTTP/1.1" 200 1223 "-" "PostmanRuntime/7.28.2"
::1 - - [15/Jul/2021:13:20:27 +0000] "GET /api/v1/comments?select=name%20price&sort=-price&price[$gt]=20000&page=1?limit=3 HTTP/1.1" 200 1210 "-" "PostmanRuntime/7.28.2"
::1 - - [15/Jul/2021:13:20:53 +0000] "GET /api/v1/comments?select=name%20price&sort=-price&price[$gt]=20000&page=2 HTTP/1.1" 200 1224 "-" "PostmanRuntime/7.28.2"
::1 - - [15/Jul/2021:13:24:21 +0000] "GET /api/v1/comments?select=name%20price&sort=-price&price[$gt]=20000&page=2 HTTP/1.1" 200 120 "-" "PostmanRuntime/7.28.2"
::1 - - [15/Jul/2021:13:26:14 +0000] "GET /api/v1/comments?select=name%20price&sort=-price&userId=1&page=2 HTTP/1.1" 200 109 "-" "PostmanRuntime/7.28.2"
::1 - - [15/Jul/2021:13:28:27 +0000] "GET /api/v1/comments?select=name%20price&sort=-price&userId=1&page=2 HTTP/1.1" 200 1250 "-" "PostmanRuntime/7.28.2"
::1 - - [15/Jul/2021:13:28:41 +0000] "GET /api/v1/comments?select=name%20price&sort=-price&userId=2&page=2 HTTP/1.1" 200 123 "-" "PostmanRuntime/7.28.2"
::1 - - [15/Jul/2021:13:30:01 +0000] "POST /api/v1/comments HTTP/1.1" 500 1562 "-" "PostmanRuntime/7.28.2"
::1 - - [15/Jul/2021:13:30:01 +0000] "POST /api/v1/comments HTTP/1.1" 500 1562 "-" "PostmanRuntime/7.28.2"
::1 - - [15/Jul/2021:13:30:02 +0000] "POST /api/v1/comments HTTP/1.1" 500 1562 "-" "PostmanRuntime/7.28.2"
::1 - - [15/Jul/2021:13:30:03 +0000] "POST /api/v1/comments HTTP/1.1" 500 1562 "-" "PostmanRuntime/7.28.2"
::1 - - [15/Jul/2021:13:30:04 +0000] "POST /api/v1/comments HTTP/1.1" 500 1562 "-" "PostmanRuntime/7.28.2"
::1 - - [15/Jul/2021:13:31:44 +0000] "POST /api/v1/comments HTTP/1.1" 500 1562 "-" "PostmanRuntime/7.28.2"
::1 - - [15/Jul/2021:13:34:00 +0000] "POST /api/v1/comments HTTP/1.1" 500 1562 "-" "PostmanRuntime/7.28.2"
::1 - - [15/Jul/2021:13:34:21 +0000] "POST /api/v1/comments HTTP/1.1" 500 1562 "-" "PostmanRuntime/7.28.2"
::1 - - [15/Jul/2021:13:36:00 +0000] "POST /api/v1/comments HTTP/1.1" 200 169 "-" "PostmanRuntime/7.28.2"
::1 - - [15/Jul/2021:13:36:01 +0000] "POST /api/v1/comments HTTP/1.1" 200 169 "-" "PostmanRuntime/7.28.2"
::1 - - [15/Jul/2021:13:36:02 +0000] "POST /api/v1/comments HTTP/1.1" 200 169 "-" "PostmanRuntime/7.28.2"
::1 - - [15/Jul/2021:13:36:03 +0000] "POST /api/v1/comments HTTP/1.1" 200 169 "-" "PostmanRuntime/7.28.2"
::1 - - [15/Jul/2021:13:38:07 +0000] "GET /api/v1/comments?select=name%20price&sort=-price&userId=2&page=2 HTTP/1.1" 200 717 "-" "PostmanRuntime/7.28.2"
::1 - - [15/Jul/2021:13:38:27 +0000] "GET /api/v1/comments?select=id,%20userId&sort=-price&userId=2&page=2 HTTP/1.1" 200 717 "-" "PostmanRuntime/7.28.2"
::1 - - [15/Jul/2021:13:38:52 +0000] "GET /api/v1/comments?select=id%20userId%20comment&sort=-price&userId=2&page=2 HTTP/1.1" 200 726 "-" "PostmanRuntime/7.28.2"
::1 - - [15/Jul/2021:13:44:31 +0000] "GET /api/v1/comments?select=id%20userId%20comment&sort=-price&userId=2&page=2 HTTP/1.1" 500 72 "-" "PostmanRuntime/7.28.2"
::1 - - [15/Jul/2021:13:44:41 +0000] "GET /api/v1/comments?select=userId%20comment&sort=-price&userId=2&page=2 HTTP/1.1" 500 72 "-" "PostmanRuntime/7.28.2"
::1 - - [15/Jul/2021:13:45:10 +0000] "GET /api/v1/comments?select=userId%20comment&userId=2&page=2 HTTP/1.1" 500 72 "-" "PostmanRuntime/7.28.2"
::1 - - [15/Jul/2021:13:45:33 +0000] "GET /api/v1/comments?select=userId%20comment&userId=2&page=2 HTTP/1.1" 500 72 "-" "PostmanRuntime/7.28.2"
::1 - - [15/Jul/2021:13:46:23 +0000] "GET /api/v1/comments?select=userId%20bookId%20comment&userId=2&page=2 HTTP/1.1" 500 72 "-" "PostmanRuntime/7.28.2"
::1 - - [15/Jul/2021:13:46:52 +0000] "GET /api/v1/comments?select=userId%20bookId%20comment&userId=2&page=2 HTTP/1.1" 500 72 "-" "PostmanRuntime/7.28.2"
::1 - - [15/Jul/2021:13:48:43 +0000] "GET /api/v1/comments?select=userId%20bookId%20comment&userId=2&page=2 HTTP/1.1" 200 796 "-" "PostmanRuntime/7.28.2"
::1 - - [15/Jul/2021:13:49:30 +0000] "GET /api/v1/comments?select=userId%20bookId%20comment&userId=2&page=2 HTTP/1.1" 200 807 "-" "PostmanRuntime/7.28.2"
::ffff:127.0.0.1 - - [15/Jul/2021:13:51:03 +0000] "GET /api/v1/comments?select=userId%20bookId%20comment&userId=2&page=2 HTTP/1.1" 200 359 "-" "PostmanRuntime/7.28.2"
::1 - - [15/Jul/2021:13:56:13 +0000] "GET /api/v1/comments HTTP/1.1" 200 1806 "-" "PostmanRuntime/7.28.2"
::1 - - [15/Jul/2021:13:56:18 +0000] "GET /api/v1/comments?select=userId%20bookId%20comment&userId=2&page=2 HTTP/1.1" 200 136 "-" "PostmanRuntime/7.28.2"
::1 - - [15/Jul/2021:13:56:57 +0000] "GET /api/v1/comments?select=userId%20bookId%20comment&userId=2&page=2&limit=2 HTTP/1.1" 200 247 "-" "PostmanRuntime/7.28.2"
::1 - - [15/Jul/2021:13:58:13 +0000] "GET /api/v1/comments?select=userId%20bookId%20comment&userId=2&page=2&limit=2 HTTP/1.1" 200 247 "-" "PostmanRuntime/7.28.2"
::1 - - [15/Jul/2021:13:58:19 +0000] "GET /api/v1/comments?select=userId%20bookId%20comment&userId=1&page=2&limit=2 HTTP/1.1" 200 247 "-" "PostmanRuntime/7.28.2"
::1 - - [15/Jul/2021:13:58:31 +0000] "GET /api/v1/comments?select=userId%20bookId%20comment&userId=1&page=3&limit=3 HTTP/1.1" 200 247 "-" "PostmanRuntime/7.28.2"
::1 - - [15/Jul/2021:13:58:45 +0000] "GET /api/v1/comments?select=userId%20bookId%20comment&userId=1&page=1&limit=3 HTTP/1.1" 200 290 "-" "PostmanRuntime/7.28.2"
::1 - - [15/Jul/2021:14:00:18 +0000] "GET /api/v1/comments?select=userId%20bookId%20comment&userId=1&limit=3 HTTP/1.1" 200 290 "-" "PostmanRuntime/7.28.2"
::1 - - [15/Jul/2021:14:00:30 +0000] "GET /api/v1/comments?select=userId%20bookId%20comment&userId=1&limit=5 HTTP/1.1" 200 402 "-" "PostmanRuntime/7.28.2"
::1 - - [15/Jul/2021:14:00:52 +0000] "GET /api/v1/comments?select=userId%20bookId%20comment&userId=1&limit=5&page=1 HTTP/1.1" 200 402 "-" "PostmanRuntime/7.28.2"
::1 - - [15/Jul/2021:14:04:18 +0000] "GET /api/v1/comments?select=userId%20bookId%20comment&sort=coment%20-createdAt&userId=1&limit=5&page=1 HTTP/1.1" 200 407 "-" "PostmanRuntime/7.28.2"
::1 - - [15/Jul/2021:14:05:17 +0000] "GET /api/v1/comments?select=userId%20bookId%20comment&sort=coment%20-createdAt&userId=1&limit=5&page=1 HTTP/1.1" 200 407 "-" "PostmanRuntime/7.28.2"
::ffff:127.0.0.1 - - [15/Jul/2021:14:05:29 +0000] "GET /api/v1/comments?select=userId%20bookId%20comment&sort=coment%20-createdAt&userId=1&limit=5&page=1 HTTP/1.1" 500 1184 "-" "PostmanRuntime/7.28.2"
::1 - - [15/Jul/2021:14:06:33 +0000] "GET /api/v1/comments?select=userId%20bookId%20comment&sort=coment%20-createdAt&userId=1&limit=5&page=1 HTTP/1.1" 200 512 "-" "PostmanRuntime/7.28.2"
::1 - - [15/Jul/2021:14:06:55 +0000] "GET /api/v1/comments?select=userId%20bookId%20comment&sort=comment%20-createdAt&userId=1&limit=5&page=1 HTTP/1.1" 200 513 "-" "PostmanRuntime/7.28.2"
::1 - - [15/Jul/2021:14:08:49 +0000] "GET /api/v1/comments?select=userId%20bookId%20comment&sort=comment%20-createdAt&userId=1&limit=5&page=1 HTTP/1.1" 200 529 "-" "PostmanRuntime/7.28.2"
::1 - - [15/Jul/2021:14:10:15 +0000] "GET /api/v1/comments?select=userId%20bookId%20comment&sort=comment%20-createdAt&userId=1&limit=5&page=1 HTTP/1.1" 500 56 "-" "PostmanRuntime/7.28.2"
::ffff:127.0.0.1 - - [15/Jul/2021:14:10:27 +0000] "GET /api/v1/comments?select=userId%20bookId%20comment&sort=comment%20-createdAt&userId=1&limit=5&page=1 HTTP/1.1" 200 530 "-" "PostmanRuntime/7.28.2"
::1 - - [15/Jul/2021:14:12:59 +0000] "GET /api/v1/comments?select=userId%20bookId%20comment&sort=comment%20-createdAt&userId=1&limit=5&page=1 HTTP/1.1" 200 529 "-" "PostmanRuntime/7.28.2"
::1 - - [15/Jul/2021:14:13:53 +0000] "GET /api/v1/comments?select=userId%20bookId%20comment&sort=comment%20-createdAt&userId=1&limit=5&page=1 HTTP/1.1" 200 530 "-" "PostmanRuntime/7.28.2"
::1 - - [15/Jul/2021:14:14:12 +0000] "GET /api/v1/comments?select=userId%20bookId%20comment&sort=-comment%20-createdAt&userId=1&limit=5&page=1 HTTP/1.1" 200 531 "-" "PostmanRuntime/7.28.2"
::1 - - [15/Jul/2021:14:15:43 +0000] "GET /api/v1/comments?select=userId%20bookId%20comment&sort=-comment%20-createdAt&userId=1&limit=5&page=1 HTTP/1.1" 200 381 "-" "PostmanRuntime/7.28.2"
::1 - - [15/Jul/2021:14:33:48 +0000] "GET /api/v1/comments/1 HTTP/1.1" 200 805 "-" "PostmanRuntime/7.28.2"
::1 - - [15/Jul/2021:14:34:51 +0000] "GET /api/v1/comments/1 HTTP/1.1" 200 455 "-" "PostmanRuntime/7.28.2"
::1 - - [15/Jul/2021:14:34:56 +0000] "GET /api/v1/comments/1 HTTP/1.1" 200 455 "-" "PostmanRuntime/7.28.2"
::ffff:127.0.0.1 - - [15/Jul/2021:14:35:44 +0000] "GET /api/v1/comments/1 HTTP/1.1" 200 410 "-" "PostmanRuntime/7.28.2"
::1 - - [15/Jul/2021:14:36:40 +0000] "GET /api/v1/comments/1 HTTP/1.1" 200 410 "-" "PostmanRuntime/7.28.2"
::1 - - [15/Jul/2021:14:36:46 +0000] "GET /api/v1/comments/1 HTTP/1.1" 200 410 "-" "PostmanRuntime/7.28.2"
::ffff:127.0.0.1 - - [15/Jul/2021:14:40:24 +0000] "GET /api/v1/comments/1 HTTP/1.1" 200 293 "-" "PostmanRuntime/7.28.2"
::1 - - [15/Jul/2021:14:41:17 +0000] "GET /api/v1/comments/1 HTTP/1.1" 200 326 "-" "PostmanRuntime/7.28.2"
::ffff:127.0.0.1 - - [15/Jul/2021:14:44:15 +0000] "GET /api/v1/comments/1 HTTP/1.1" 200 419 "-" "PostmanRuntime/7.28.2"
::ffff:127.0.0.1 - - [15/Jul/2021:14:44:40 +0000] "GET /api/v1/comments/1 HTTP/1.1" 200 2231 "-" "PostmanRuntime/7.28.2"
::ffff:127.0.0.1 - - [15/Jul/2021:14:47:22 +0000] "GET /api/v1/comments/1 HTTP/1.1" 200 695 "-" "PostmanRuntime/7.28.2"
::1 - - [15/Jul/2021:14:48:26 +0000] "GET /api/v1/comments/1 HTTP/1.1" 200 695 "-" "PostmanRuntime/7.28.2"
::1 - - [15/Jul/2021:14:48:55 +0000] "GET /api/v1/comments/1 HTTP/1.1" 200 787 "-" "PostmanRuntime/7.28.2"
