::1 - - [01/Dec/2021:13:11:58 +0000] "GET /api/v1/question-types HTTP/1.1" 200 969 "-" "PostmanRuntime/7.28.2"
::1 - - [01/Dec/2021:13:12:09 +0000] "GET /api/v1/question-types/61a6419e35bd36c2cd3af642 HTTP/1.1" 200 166 "-" "PostmanRuntime/7.28.2"
::1 - - [01/Dec/2021:13:12:24 +0000] "POST /api/v1/question-types HTTP/1.1" 500 117 "-" "PostmanRuntime/7.28.2"
::1 - - [01/Dec/2021:13:12:30 +0000] "PUT /api/v1/question-types/61a6419e35bd36c2cd3af642 HTTP/1.1" 500 117 "-" "PostmanRuntime/7.28.2"
::1 - - [01/Dec/2021:13:12:40 +0000] "POST /api/v1/users/login HTTP/1.1" 200 613 "-" "PostmanRuntime/7.28.2"
::1 - - [01/Dec/2021:13:13:00 +0000] "DELETE /api/v1/question-types/61a6419e35bd36c2cd3af642 HTTP/1.1" 403 117 "-" "PostmanRuntime/7.28.2"
::1 - - [01/Dec/2021:13:59:38 +0000] "POST /api/v1/users/login HTTP/1.1" 200 613 "-" "PostmanRuntime/7.28.2"
::1 - - [01/Dec/2021:13:59:46 +0000] "PUT /api/v1/question-types/61a6419e35bd36c2cd3af642 HTTP/1.1" 400 135 "-" "PostmanRuntime/7.28.2"
::1 - - [01/Dec/2021:14:00:44 +0000] "GET /api/v1/question-types/61a6419e35bd36c2cd3af642 HTTP/1.1" - - "-" "PostmanRuntime/7.28.2"
::1 - - [01/Dec/2021:14:00:52 +0000] "GET /api/v1/question-types/61a6419e35bd36c2cd3af642 HTTP/1.1" - - "-" "PostmanRuntime/7.28.2"
::1 - - [01/Dec/2021:14:00:58 +0000] "GET /api/v1/question-types HTTP/1.1" 200 969 "-" "PostmanRuntime/7.28.2"
::1 - - [01/Dec/2021:14:01:13 +0000] "PUT /api/v1/question-types/61a6419e35bd36c2cd3af642 HTTP/1.1" 400 135 "-" "PostmanRuntime/7.28.2"
::1 - - [01/Dec/2021:14:01:39 +0000] "PUT /api/v1/question-types/61a6419e35bd36c2cd3af642 HTTP/1.1" 200 173 "-" "PostmanRuntime/7.28.2"
::1 - - [01/Dec/2021:14:01:46 +0000] "DELETE /api/v1/question-types/61a6419e35bd36c2cd3af642 HTTP/1.1" 403 117 "-" "PostmanRuntime/7.28.2"
::1 - - [01/Dec/2021:14:01:53 +0000] "DELETE /api/v1/question-types/61a6419e35bd36c2cd3af642 HTTP/1.1" 200 173 "-" "PostmanRuntime/7.28.2"
::1 - - [01/Dec/2021:14:04:13 +0000] "GET /api/v1/surveys/6193eb7afa5bebd4077b9411/report HTTP/1.1" 404 185 "-" "PostmanRuntime/7.28.2"
::1 - - [02/Dec/2021:05:24:22 +0000] "POST /api/v1/users/login HTTP/1.1" 200 613 "-" "PostmanRuntime/7.28.2"
::1 - - [02/Dec/2021:05:24:38 +0000] "GET /api/v1/organizations HTTP/1.1" 200 2290 "-" "PostmanRuntime/7.28.2"
::1 - - [02/Dec/2021:05:25:21 +0000] "GET /api/v1/surveys HTTP/1.1" 200 705 "-" "PostmanRuntime/7.28.2"
::1 - - [02/Dec/2021:05:26:32 +0000] "GET /api/v1/tasks HTTP/1.1" 200 3266 "-" "PostmanRuntime/7.28.2"
::1 - - [02/Dec/2021:05:27:10 +0000] "GET /api/v1/tasks/61893dbcd4ec237eac941648/bids HTTP/1.1" 200 1765 "-" "PostmanRuntime/7.28.2"
